2022-11-12 - GEUNLaPampa - Iniciando DAG ....
2022-11-12 - GEUNLaPampa - Iniciando transformacion ....
2022-11-12 - GEUNLaPampa - Iniciando DAG ....
2022-11-12 - GEUNLaPampa - Iniciando transformacion ....
2022-11-12 - GEUNLaPampa - Iniciando DAG ....
2022-11-12 - GEUNLaPampa - Iniciando transformacion ....
2022-11-12 - GEUNLaPampa - Iniciando DAG ....
2022-11-12 - GEUNLaPampa - Iniciando transformacion ....
2022-11-12 - GEUNLaPampa - Iniciando DAG ....
2022-11-12 - GEUNLaPampa - Iniciando transformacion ....
2022-11-12 - GEUNLaPampa - Iniciando DAG ....
2022-11-12 - GEUNLaPampa - Iniciando transformacion ....
2022-11-12 - GEUNLaPampa - Iniciando DAG ....
2022-11-12 - GEUNLaPampa - Iniciando transformacion ....
2022-11-12 - GEUNLaPampa - Iniciando DAG ....
2022-11-12 - GEUNLaPampa - Iniciando transformacion ....
2022-11-12 - GEUNLaPampa - Iniciando DAG ....
2022-11-12 - GEUNLaPampa - Iniciando extracción ....
2022-11-12 - GEUNLaPampa - Iniciando transformacion ....
2022-11-12 - GEUNLaPampa - Iniciando transformacion ....
2022-11-12 - GEUNLaPampa - Iniciando transformacion ....
2022-11-12 - GEUNLaPampa - Iniciando transformacion ....
2022-11-12 - GEUNLaPampa - Iniciando DAG ....
2022-11-12 - GEUNLaPampa - Iniciando extracción ....
2022-11-12 - GEUNLaPampa - Iniciando transformacion ....
2022-11-12 - GEUNLaPampa - Iniciando DAG ....
2022-11-12 - GEUNLaPampa - Iniciando extracción ....
2022-11-12 - GEUNLaPampa - Terminando transformacion ....
2022-11-12 - GEUNLaPampa - Iniciando carga ....
2022-11-12 - GEUNLaPampa - Terminando extracción ....
2022-11-12 - GEUNLaPampa - Terminando extracción ....
2022-11-12 - GEUNLaPampa - Terminando extracción ....
2022-11-12 - GEUNLaPampa - Terminando transformacion ....
2022-11-12 - GEUNLaPampa - Iniciando carga ....
2022-11-12 - GEUNLaPampa - Terminando transformacion ....
2022-11-12 - GEUNLaPampa - Iniciando carga ....
2022-11-12 - GEUNLaPampa - Terminando transformacion ....
2022-11-12 - GEUNLaPampa - Iniciando carga ....
2022-11-12 - GEUNLaPampa - Terminando transformacion ....
2022-11-12 - GEUNLaPampa - Iniciando carga ....
2022-11-12 - GEUNLaPampa - Iniciando transformacion ....
2022-11-12 - GEUNLaPampa - Iniciando transformacion ....
2022-11-12 - GEUNLaPampa - Iniciando transformacion ....
2022-11-12 - GEUNLaPampa - Terminando transformacion ....
2022-11-12 - GEUNLaPampa - Iniciando carga ....
2022-11-12 - GEUNLaPampa - Terminando transformacion ....
2022-11-12 - GEUNLaPampa - Terminando transformacion ....
2022-11-12 - GEUNLaPampa - Iniciando carga ....
2022-11-12 - GEUNLaPampa - Iniciando carga ....
2022-11-12 - GEUNLaPampa - Iniciando DAG ....
2022-11-12 - GEUNLaPampa - Iniciando extracción ....
2022-11-12 - GEUNLaPampa - Terminando extracción ....
2022-11-12 - GEUNLaPampa - Iniciando DAG ....
2022-11-12 - GEUNLaPampa - Iniciando extracción ....
2022-11-12 - GEUNLaPampa - Iniciando DAG ....
2022-11-12 - GEUNLaPampa - Iniciando extracción ....
2022-11-12 - GEUNLaPampa - Iniciando DAG ....
2022-11-12 - GEUNLaPampa - Iniciando extracción ....
2022-11-12 - GEUNLaPampa - Iniciando transformacion ....
2022-11-12 - GEUNLaPampa - Terminando extracción ....
2022-11-12 - GEUNLaPampa - Terminando extracción ....
2022-11-12 - GEUNLaPampa - Terminando transformacion ....
2022-11-12 - GEUNLaPampa - Iniciando carga ....
2022-11-12 - GEUNLaPampa - Terminando extracción ....
2022-11-12 - GEUNLaPampa - Iniciando transformacion ....
2022-11-12 - GEUNLaPampa - Iniciando transformacion ....
2022-11-12 - GEUNLaPampa - Terminando transformacion ....
2022-11-12 - GEUNLaPampa - Iniciando carga ....
2022-11-12 - GEUNLaPampa - Terminando transformacion ....
2022-11-12 - GEUNLaPampa - Iniciando carga ....
2022-11-12 - GEUNLaPampa - Iniciando transformacion ....
2022-11-12 - GEUNLaPampa - Iniciando DAG ....
2022-11-12 - GEUNLaPampa - Iniciando extracción ....
2022-11-12 - GEUNLaPampa - Terminando transformacion ....
2022-11-12 - GEUNLaPampa - Iniciando carga ....
2022-11-12 - GEUNLaPampa - Terminando extracción ....
2022-11-12 - GEUNLaPampa - Iniciando DAG ....
2022-11-12 - GEUNLaPampa - Iniciando extracción ....
2022-11-12 - GEUNLaPampa - Iniciando transformacion ....
2022-11-12 - GEUNLaPampa - Terminando extracción ....
2022-11-12 - GEUNLaPampa - Terminando transformacion ....
2022-11-12 - GEUNLaPampa - Iniciando carga ....
2022-11-12 - GEUNLaPampa - Iniciando transformacion ....
2022-11-12 - GEUNLaPampa - Terminando transformacion ....
2022-11-12 - GEUNLaPampa - Iniciando carga ....
2022-11-12 - GEUNLaPampa - Iniciando DAG ....
2022-11-12 - GEUNLaPampa - Iniciando extracción ....
2022-11-12 - GEUNLaPampa - Iniciando DAG ....
2022-11-12 - GEUNLaPampa - Iniciando extracción ....
2022-11-12 - GEUNLaPampa - Iniciando DAG ....
2022-11-12 - GEUNLaPampa - Iniciando extracción ....
2022-11-12 - GEUNLaPampa - Terminando extracción ....
2022-11-12 - GEUNLaPampa - Terminando extracción ....
2022-11-12 - GEUNLaPampa - Terminando extracción ....
2022-11-12 - GEUNLaPampa - Iniciando transformacion ....
2022-11-12 - GEUNLaPampa - Iniciando transformacion ....
2022-11-12 - GEUNLaPampa - Iniciando transformacion ....
2022-11-12 - GEUNLaPampa - Terminando transformacion ....
2022-11-12 - GEUNLaPampa - Iniciando carga ....
2022-11-12 - GEUNLaPampa - Terminando transformacion ....
2022-11-12 - GEUNLaPampa - Iniciando carga ....
2022-11-12 - GEUNLaPampa - Terminando transformacion ....
2022-11-12 - GEUNLaPampa - Iniciando carga ....
2022-11-12 - GEUNLaPampa - Iniciando DAG ....
2022-11-12 - GEUNLaPampa - Iniciando extracción ....
2022-11-12 - GEUNLaPampa - Iniciando DAG ....
2022-11-12 - GEUNLaPampa - Iniciando extracción ....
2022-11-12 - GEUNLaPampa - Iniciando DAG ....
2022-11-12 - GEUNLaPampa - Iniciando extracción ....
2022-11-12 - GEUNLaPampa - Terminando extracción ....
2022-11-12 - GEUNLaPampa - Terminando extracción ....
2022-11-12 - GEUNLaPampa - Iniciando DAG ....
2022-11-12 - GEUNLaPampa - Iniciando extracción ....
2022-11-12 - GEUNLaPampa - Iniciando DAG ....
2022-11-12 - GEUNLaPampa - Iniciando extracción ....
2022-11-12 - GEUNLaPampa - Terminando extracción ....
2022-11-12 - GEUNLaPampa - Iniciando DAG ....
2022-11-12 - GEUNLaPampa - Iniciando extracción ....
2022-11-12 - GEUNLaPampa - Iniciando DAG ....
2022-11-12 - GEUNLaPampa - Iniciando extracción ....
2022-11-12 - GEUNLaPampa - Iniciando DAG ....
2022-11-12 - GEUNLaPampa - Iniciando extracción ....
2022-11-12 - GEUNLaPampa - Terminando extracción ....
2022-11-12 - GEUNLaPampa - Iniciando transformacion ....
2022-11-12 - GEUNLaPampa - Terminando extracción ....
2022-11-12 - GEUNLaPampa - Terminando extracción ....
2022-11-12 - GEUNLaPampa - Iniciando transformacion ....
2022-11-12 - GEUNLaPampa - Terminando transformacion ....
2022-11-12 - GEUNLaPampa - Iniciando carga ....
2022-11-12 - GEUNLaPampa - Terminando extracción ....
2022-11-12 - GEUNLaPampa - Iniciando transformacion ....
2022-11-12 - GEUNLaPampa - Terminando transformacion ....
2022-11-12 - GEUNLaPampa - Iniciando carga ....
2022-11-12 - GEUNLaPampa - Terminando extracción ....
2022-11-12 - GEUNLaPampa - Iniciando DAG ....
2022-11-12 - GEUNLaPampa - Iniciando extracción ....
2022-11-12 - GEUNLaPampa - Terminando transformacion ....
2022-11-12 - GEUNLaPampa - Iniciando carga ....
2022-11-12 - GEUNLaPampa - Iniciando DAG ....
2022-11-12 - GEUNLaPampa - Iniciando extracción ....
2022-11-12 - GEUNLaPampa - Iniciando transformacion ....
2022-11-12 - GEUNLaPampa - Iniciando transformacion ....
2022-11-12 - GEUNLaPampa - Iniciando transformacion ....
2022-11-12 - GEUNLaPampa - Iniciando DAG ....
2022-11-12 - GEUNLaPampa - Iniciando extracción ....
2022-11-12 - GEUNLaPampa - Terminando extracción ....
2022-11-12 - GEUNLaPampa - Iniciando DAG ....
2022-11-12 - GEUNLaPampa - Iniciando extracción ....
2022-11-12 - GEUNLaPampa - Iniciando transformacion ....
2022-11-12 - GEUNLaPampa - Terminando extracción ....
2022-11-12 - GEUNLaPampa - Terminando transformacion ....
2022-11-12 - GEUNLaPampa - Iniciando carga ....
2022-11-12 - GEUNLaPampa - Iniciando transformacion ....
2022-11-12 - GEUNLaPampa - Terminando transformacion ....
2022-11-12 - GEUNLaPampa - Iniciando carga ....
2022-11-12 - GEUNLaPampa - Terminando transformacion ....
2022-11-12 - GEUNLaPampa - Iniciando carga ....
2022-11-12 - GEUNLaPampa - Iniciando DAG ....
2022-11-12 - GEUNLaPampa - Iniciando extracción ....
2022-11-12 - GEUNLaPampa - Terminando transformacion ....
2022-11-12 - GEUNLaPampa - Iniciando carga ....
2022-11-12 - GEUNLaPampa - Terminando extracción ....
2022-11-12 - GEUNLaPampa - Terminando transformacion ....
2022-11-12 - GEUNLaPampa - Iniciando carga ....
2022-11-12 - GEUNLaPampa - Terminando extracción ....
2022-11-12 - GEUNLaPampa - Iniciando transformacion ....
2022-11-12 - GEUNLaPampa - Terminando extracción ....
2022-11-12 - GEUNLaPampa - Iniciando transformacion ....
2022-11-12 - GEUNLaPampa - Terminando transformacion ....
2022-11-12 - GEUNLaPampa - Iniciando carga ....
2022-11-12 - GEUNLaPampa - Iniciando transformacion ....
2022-11-12 - GEUNLaPampa - Iniciando transformacion ....
2022-11-12 - GEUNLaPampa - Terminando transformacion ....
2022-11-12 - GEUNLaPampa - Iniciando carga ....
2022-11-12 - GEUNLaPampa - Terminando transformacion ....
2022-11-12 - GEUNLaPampa - Iniciando carga ....
2022-11-12 - GEUNLaPampa - Iniciando transformacion ....
2022-11-12 - GEUNLaPampa - Terminando transformacion ....
2022-11-12 - GEUNLaPampa - Iniciando carga ....
2022-11-12 - GEUNLaPampa - Terminando transformacion ....
2022-11-12 - GEUNLaPampa - Iniciando carga ....
2022-11-12 - GEUNLaPampa - Iniciando DAG ....
2022-11-12 - GEUNLaPampa - Iniciando extracción ....
2022-11-12 - GEUNLaPampa - Iniciando DAG ....
2022-11-12 - GEUNLaPampa - Iniciando extracción ....
2022-11-12 - GEUNLaPampa - Iniciando DAG ....
2022-11-12 - GEUNLaPampa - Iniciando extracción ....
2022-11-12 - GEUNLaPampa - Terminando extracción ....
2022-11-12 - GEUNLaPampa - Iniciando DAG ....
2022-11-12 - GEUNLaPampa - Iniciando extracción ....
2022-11-12 - GEUNLaPampa - Iniciando DAG ....
2022-11-12 - GEUNLaPampa - Iniciando extracción ....
2022-11-12 - GEUNLaPampa - Terminando extracción ....
2022-11-12 - GEUNLaPampa - Iniciando DAG ....
2022-11-12 - GEUNLaPampa - Iniciando extracción ....
2022-11-12 - GEUNLaPampa - Terminando extracción ....
2022-11-12 - GEUNLaPampa - Iniciando DAG ....
2022-11-12 - GEUNLaPampa - Iniciando extracción ....
2022-11-12 - GEUNLaPampa - Iniciando transformacion ....
2022-11-12 - GEUNLaPampa - Terminando extracción ....
2022-11-12 - GEUNLaPampa - Terminando extracción ....
2022-11-12 - GEUNLaPampa - Iniciando DAG ....
2022-11-12 - GEUNLaPampa - Iniciando extracción ....
2022-11-12 - GEUNLaPampa - Terminando transformacion ....
2022-11-12 - GEUNLaPampa - Iniciando carga ....
2022-11-12 - GEUNLaPampa - Terminando extracción ....
2022-11-12 - GEUNLaPampa - Iniciando DAG ....
2022-11-12 - GEUNLaPampa - Iniciando extracción ....
2022-11-12 - GEUNLaPampa - Terminando extracción ....
2022-11-12 - GEUNLaPampa - Iniciando transformacion ....
2022-11-12 - GEUNLaPampa - Terminando extracción ....
2022-11-12 - GEUNLaPampa - Iniciando transformacion ....
2022-11-12 - GEUNLaPampa - Iniciando transformacion ....
2022-11-12 - GEUNLaPampa - Iniciando transformacion ....
2022-11-12 - GEUNLaPampa - Terminando extracción ....
2022-11-12 - GEUNLaPampa - Iniciando transformacion ....
2022-11-12 - GEUNLaPampa - Terminando transformacion ....
2022-11-12 - GEUNLaPampa - Iniciando carga ....
2022-11-12 - GEUNLaPampa - Terminando transformacion ....
2022-11-12 - GEUNLaPampa - Iniciando carga ....
2022-11-12 - GEUNLaPampa - Terminando transformacion ....
2022-11-12 - GEUNLaPampa - Iniciando carga ....
2022-11-12 - GEUNLaPampa - Terminando transformacion ....
2022-11-12 - GEUNLaPampa - Iniciando carga ....
2022-11-12 - GEUNLaPampa - Terminando transformacion ....
2022-11-12 - GEUNLaPampa - Iniciando carga ....
2022-11-12 - GEUNLaPampa - Iniciando transformacion ....
2022-11-12 - GEUNLaPampa - Iniciando transformacion ....
2022-11-12 - GEUNLaPampa - Iniciando transformacion ....
2022-11-12 - GEUNLaPampa - Terminando transformacion ....
2022-11-12 - GEUNLaPampa - Iniciando carga ....
2022-11-12 - GEUNLaPampa - Terminando transformacion ....
2022-11-12 - GEUNLaPampa - Iniciando carga ....
2022-11-12 - GEUNLaPampa - Terminando transformacion ....
2022-11-12 - GEUNLaPampa - Iniciando carga ....
2022-11-12 - GEUNLaPampa - Iniciando DAG ....
2022-11-12 - GEUNLaPampa - Iniciando extracción ....
2022-11-12 - GEUNLaPampa - Iniciando DAG ....
2022-11-12 - GEUNLaPampa - Iniciando extracción ....
2022-11-12 - GEUNLaPampa - Iniciando DAG ....
2022-11-12 - GEUNLaPampa - Iniciando extracción ....
2022-11-12 - GEUNLaPampa - Iniciando DAG ....
2022-11-12 - GEUNLaPampa - Iniciando extracción ....
2022-11-12 - GEUNLaPampa - Iniciando DAG ....
2022-11-12 - GEUNLaPampa - Iniciando extracción ....
2022-11-12 - GEUNLaPampa - Terminando extracción ....
2022-11-12 - GEUNLaPampa - Iniciando DAG ....
2022-11-12 - GEUNLaPampa - Iniciando extracción ....
2022-11-12 - GEUNLaPampa - Terminando extracción ....
2022-11-12 - GEUNLaPampa - Terminando extracción ....
2022-11-12 - GEUNLaPampa - Iniciando DAG ....
2022-11-12 - GEUNLaPampa - Iniciando extracción ....
2022-11-12 - GEUNLaPampa - Terminando extracción ....
2022-11-12 - GEUNLaPampa - Terminando extracción ....
2022-11-12 - GEUNLaPampa - Iniciando DAG ....
2022-11-12 - GEUNLaPampa - Iniciando extracción ....
2022-11-12 - GEUNLaPampa - Terminando extracción ....
2022-11-12 - GEUNLaPampa - Iniciando DAG ....
2022-11-12 - GEUNLaPampa - Iniciando extracción ....
2022-11-12 - GEUNLaPampa - Iniciando transformacion ....
2022-11-12 - GEUNLaPampa - Terminando extracción ....
2022-11-12 - GEUNLaPampa - Iniciando transformacion ....
2022-11-12 - GEUNLaPampa - Iniciando DAG ....
2022-11-12 - GEUNLaPampa - Iniciando extracción ....
2022-11-12 - GEUNLaPampa - Iniciando transformacion ....
2022-11-12 - GEUNLaPampa - Terminando transformacion ....
2022-11-12 - GEUNLaPampa - Iniciando carga ....
2022-11-12 - GEUNLaPampa - Terminando extracción ....
2022-11-12 - GEUNLaPampa - Terminando transformacion ....
2022-11-12 - GEUNLaPampa - Iniciando carga ....
2022-11-12 - GEUNLaPampa - Terminando extracción ....
2022-11-12 - GEUNLaPampa - Iniciando DAG ....
2022-11-12 - GEUNLaPampa - Iniciando extracción ....
2022-11-12 - GEUNLaPampa - Iniciando transformacion ....
2022-11-12 - GEUNLaPampa - Iniciando transformacion ....
2022-11-12 - GEUNLaPampa - Iniciando transformacion ....
2022-11-12 - GEUNLaPampa - Iniciando DAG ....
2022-11-12 - GEUNLaPampa - Iniciando extracción ....
2022-11-12 - GEUNLaPampa - Terminando transformacion ....
2022-11-12 - GEUNLaPampa - Iniciando carga ....
2022-11-12 - GEUNLaPampa - Terminando extracción ....
2022-11-12 - GEUNLaPampa - Terminando transformacion ....
2022-11-12 - GEUNLaPampa - Iniciando carga ....
2022-11-12 - GEUNLaPampa - Iniciando transformacion ....
2022-11-12 - GEUNLaPampa - Terminando transformacion ....
2022-11-12 - GEUNLaPampa - Iniciando carga ....
2022-11-12 - GEUNLaPampa - Terminando transformacion ....
2022-11-12 - GEUNLaPampa - Iniciando carga ....
2022-11-12 - GEUNLaPampa - Terminando extracción ....
2022-11-12 - GEUNLaPampa - Terminando extracción ....
2022-11-12 - GEUNLaPampa - Iniciando transformacion ....
2022-11-12 - GEUNLaPampa - Terminando transformacion ....
2022-11-12 - GEUNLaPampa - Iniciando carga ....
2022-11-12 - GEUNLaPampa - Iniciando transformacion ....
2022-11-12 - GEUNLaPampa - Terminando transformacion ....
2022-11-12 - GEUNLaPampa - Iniciando carga ....
2022-11-12 - GEUNLaPampa - Iniciando transformacion ....
2022-11-12 - GEUNLaPampa - Iniciando transformacion ....
2022-11-12 - GEUNLaPampa - Iniciando transformacion ....
2022-11-12 - GEUNLaPampa - Terminando transformacion ....
2022-11-12 - GEUNLaPampa - Iniciando carga ....
2022-11-12 - GEUNLaPampa - Terminando transformacion ....
2022-11-12 - GEUNLaPampa - Iniciando carga ....
2022-11-12 - GEUNLaPampa - Terminando transformacion ....
2022-11-12 - GEUNLaPampa - Iniciando carga ....
2022-11-12 - GEUNLaPampa - Terminando transformacion ....
2022-11-12 - GEUNLaPampa - Iniciando carga ....
