2022-11-12 - GEUNInteramericana - Iniciando DAG ....
2022-11-12 - GEUNInteramericana - Iniciando transformacion ....
2022-11-12 - GEUNInteramericana - Iniciando DAG ....
2022-11-12 - GEUNInteramericana - Iniciando transformacion ....
2022-11-12 - GEUNInteramericana - Iniciando DAG ....
2022-11-12 - GEUNInteramericana - Iniciando transformacion ....
2022-11-12 - GEUNInteramericana - Iniciando DAG ....
2022-11-12 - GEUNInteramericana - Iniciando transformacion ....
2022-11-12 - GEUNInteramericana - Iniciando DAG ....
2022-11-12 - GEUNInteramericana - Iniciando transformacion ....
2022-11-12 - GEUNInteramericana - Iniciando DAG ....
2022-11-12 - GEUNInteramericana - Iniciando transformacion ....
2022-11-12 - GEUNInteramericana - Iniciando DAG ....
2022-11-12 - GEUNInteramericana - Iniciando transformacion ....
2022-11-12 - GEUNInteramericana - Iniciando DAG ....
2022-11-12 - GEUNInteramericana - Iniciando transformacion ....
2022-11-12 - GEUNInteramericana - Iniciando DAG ....
2022-11-12 - GEUNInteramericana - Iniciando extracción ....
2022-11-12 - GEUNInteramericana - Iniciando transformacion ....
2022-11-12 - GEUNInteramericana - Iniciando transformacion ....
2022-11-12 - GEUNInteramericana - Iniciando transformacion ....
2022-11-12 - GEUNInteramericana - Iniciando transformacion ....
2022-11-12 - GEUNInteramericana - Iniciando DAG ....
2022-11-12 - GEUNInteramericana - Iniciando extracción ....
2022-11-12 - GEUNInteramericana - Iniciando transformacion ....
2022-11-12 - GEUNInteramericana - Iniciando DAG ....
2022-11-12 - GEUNInteramericana - Iniciando extracción ....
2022-11-12 - GEUNInteramericana - Terminando transformacion ....
2022-11-12 - GEUNInteramericana - Iniciando carga ....
2022-11-12 - GEUNInteramericana - Terminando extracción ....
2022-11-12 - GEUNInteramericana - Terminando extracción ....
2022-11-12 - GEUNInteramericana - Terminando extracción ....
2022-11-12 - GEUNInteramericana - Terminando transformacion ....
2022-11-12 - GEUNInteramericana - Iniciando carga ....
2022-11-12 - GEUNInteramericana - Terminando transformacion ....
2022-11-12 - GEUNInteramericana - Iniciando carga ....
2022-11-12 - GEUNInteramericana - Terminando transformacion ....
2022-11-12 - GEUNInteramericana - Iniciando carga ....
2022-11-12 - GEUNInteramericana - Terminando transformacion ....
2022-11-12 - GEUNInteramericana - Iniciando carga ....
2022-11-12 - GEUNInteramericana - Iniciando transformacion ....
2022-11-12 - GEUNInteramericana - Iniciando transformacion ....
2022-11-12 - GEUNInteramericana - Iniciando transformacion ....
2022-11-12 - GEUNInteramericana - Terminando transformacion ....
2022-11-12 - GEUNInteramericana - Iniciando carga ....
2022-11-12 - GEUNInteramericana - Terminando transformacion ....
2022-11-12 - GEUNInteramericana - Terminando transformacion ....
2022-11-12 - GEUNInteramericana - Iniciando carga ....
2022-11-12 - GEUNInteramericana - Iniciando carga ....
2022-11-12 - GEUNInteramericana - Iniciando DAG ....
2022-11-12 - GEUNInteramericana - Iniciando extracción ....
2022-11-12 - GEUNInteramericana - Terminando extracción ....
2022-11-12 - GEUNInteramericana - Iniciando DAG ....
2022-11-12 - GEUNInteramericana - Iniciando extracción ....
2022-11-12 - GEUNInteramericana - Iniciando DAG ....
2022-11-12 - GEUNInteramericana - Iniciando extracción ....
2022-11-12 - GEUNInteramericana - Iniciando DAG ....
2022-11-12 - GEUNInteramericana - Iniciando extracción ....
2022-11-12 - GEUNInteramericana - Iniciando transformacion ....
2022-11-12 - GEUNInteramericana - Terminando extracción ....
2022-11-12 - GEUNInteramericana - Terminando extracción ....
2022-11-12 - GEUNInteramericana - Terminando transformacion ....
2022-11-12 - GEUNInteramericana - Iniciando carga ....
2022-11-12 - GEUNInteramericana - Terminando extracción ....
2022-11-12 - GEUNInteramericana - Iniciando transformacion ....
2022-11-12 - GEUNInteramericana - Iniciando transformacion ....
2022-11-12 - GEUNInteramericana - Terminando transformacion ....
2022-11-12 - GEUNInteramericana - Iniciando carga ....
2022-11-12 - GEUNInteramericana - Terminando transformacion ....
2022-11-12 - GEUNInteramericana - Iniciando carga ....
2022-11-12 - GEUNInteramericana - Iniciando transformacion ....
2022-11-12 - GEUNInteramericana - Iniciando DAG ....
2022-11-12 - GEUNInteramericana - Iniciando extracción ....
2022-11-12 - GEUNInteramericana - Terminando transformacion ....
2022-11-12 - GEUNInteramericana - Iniciando carga ....
2022-11-12 - GEUNInteramericana - Terminando extracción ....
2022-11-12 - GEUNInteramericana - Iniciando DAG ....
2022-11-12 - GEUNInteramericana - Iniciando extracción ....
2022-11-12 - GEUNInteramericana - Iniciando transformacion ....
2022-11-12 - GEUNInteramericana - Terminando extracción ....
2022-11-12 - GEUNInteramericana - Terminando transformacion ....
2022-11-12 - GEUNInteramericana - Iniciando carga ....
2022-11-12 - GEUNInteramericana - Iniciando transformacion ....
2022-11-12 - GEUNInteramericana - Terminando transformacion ....
2022-11-12 - GEUNInteramericana - Iniciando carga ....
2022-11-12 - GEUNInteramericana - Iniciando DAG ....
2022-11-12 - GEUNInteramericana - Iniciando extracción ....
2022-11-12 - GEUNInteramericana - Iniciando DAG ....
2022-11-12 - GEUNInteramericana - Iniciando extracción ....
2022-11-12 - GEUNInteramericana - Iniciando DAG ....
2022-11-12 - GEUNInteramericana - Iniciando extracción ....
2022-11-12 - GEUNInteramericana - Terminando extracción ....
2022-11-12 - GEUNInteramericana - Terminando extracción ....
2022-11-12 - GEUNInteramericana - Terminando extracción ....
2022-11-12 - GEUNInteramericana - Iniciando transformacion ....
2022-11-12 - GEUNInteramericana - Iniciando transformacion ....
2022-11-12 - GEUNInteramericana - Iniciando transformacion ....
2022-11-12 - GEUNInteramericana - Terminando transformacion ....
2022-11-12 - GEUNInteramericana - Iniciando carga ....
2022-11-12 - GEUNInteramericana - Terminando transformacion ....
2022-11-12 - GEUNInteramericana - Iniciando carga ....
2022-11-12 - GEUNInteramericana - Terminando transformacion ....
2022-11-12 - GEUNInteramericana - Iniciando carga ....
2022-11-12 - GEUNInteramericana - Iniciando DAG ....
2022-11-12 - GEUNInteramericana - Iniciando extracción ....
2022-11-12 - GEUNInteramericana - Iniciando DAG ....
2022-11-12 - GEUNInteramericana - Iniciando extracción ....
2022-11-12 - GEUNInteramericana - Iniciando DAG ....
2022-11-12 - GEUNInteramericana - Iniciando extracción ....
2022-11-12 - GEUNInteramericana - Terminando extracción ....
2022-11-12 - GEUNInteramericana - Terminando extracción ....
2022-11-12 - GEUNInteramericana - Iniciando DAG ....
2022-11-12 - GEUNInteramericana - Iniciando extracción ....
2022-11-12 - GEUNInteramericana - Iniciando DAG ....
2022-11-12 - GEUNInteramericana - Iniciando extracción ....
2022-11-12 - GEUNInteramericana - Terminando extracción ....
2022-11-12 - GEUNInteramericana - Iniciando DAG ....
2022-11-12 - GEUNInteramericana - Iniciando extracción ....
2022-11-12 - GEUNInteramericana - Iniciando DAG ....
2022-11-12 - GEUNInteramericana - Iniciando extracción ....
2022-11-12 - GEUNInteramericana - Iniciando DAG ....
2022-11-12 - GEUNInteramericana - Iniciando extracción ....
2022-11-12 - GEUNInteramericana - Terminando extracción ....
2022-11-12 - GEUNInteramericana - Iniciando transformacion ....
2022-11-12 - GEUNInteramericana - Terminando extracción ....
2022-11-12 - GEUNInteramericana - Terminando extracción ....
2022-11-12 - GEUNInteramericana - Iniciando transformacion ....
2022-11-12 - GEUNInteramericana - Terminando transformacion ....
2022-11-12 - GEUNInteramericana - Iniciando carga ....
2022-11-12 - GEUNInteramericana - Terminando extracción ....
2022-11-12 - GEUNInteramericana - Iniciando transformacion ....
2022-11-12 - GEUNInteramericana - Terminando transformacion ....
2022-11-12 - GEUNInteramericana - Iniciando carga ....
2022-11-12 - GEUNInteramericana - Terminando extracción ....
2022-11-12 - GEUNInteramericana - Iniciando DAG ....
2022-11-12 - GEUNInteramericana - Iniciando extracción ....
2022-11-12 - GEUNInteramericana - Terminando transformacion ....
2022-11-12 - GEUNInteramericana - Iniciando carga ....
2022-11-12 - GEUNInteramericana - Iniciando DAG ....
2022-11-12 - GEUNInteramericana - Iniciando extracción ....
2022-11-12 - GEUNInteramericana - Iniciando transformacion ....
2022-11-12 - GEUNInteramericana - Iniciando transformacion ....
2022-11-12 - GEUNInteramericana - Iniciando transformacion ....
2022-11-12 - GEUNInteramericana - Iniciando DAG ....
2022-11-12 - GEUNInteramericana - Iniciando extracción ....
2022-11-12 - GEUNInteramericana - Terminando extracción ....
2022-11-12 - GEUNInteramericana - Iniciando DAG ....
2022-11-12 - GEUNInteramericana - Iniciando extracción ....
2022-11-12 - GEUNInteramericana - Iniciando transformacion ....
2022-11-12 - GEUNInteramericana - Terminando extracción ....
2022-11-12 - GEUNInteramericana - Terminando transformacion ....
2022-11-12 - GEUNInteramericana - Iniciando carga ....
2022-11-12 - GEUNInteramericana - Iniciando transformacion ....
2022-11-12 - GEUNInteramericana - Terminando transformacion ....
2022-11-12 - GEUNInteramericana - Iniciando carga ....
2022-11-12 - GEUNInteramericana - Terminando transformacion ....
2022-11-12 - GEUNInteramericana - Iniciando carga ....
2022-11-12 - GEUNInteramericana - Iniciando DAG ....
2022-11-12 - GEUNInteramericana - Iniciando extracción ....
2022-11-12 - GEUNInteramericana - Terminando transformacion ....
2022-11-12 - GEUNInteramericana - Iniciando carga ....
2022-11-12 - GEUNInteramericana - Terminando extracción ....
2022-11-12 - GEUNInteramericana - Terminando transformacion ....
2022-11-12 - GEUNInteramericana - Iniciando carga ....
2022-11-12 - GEUNInteramericana - Terminando extracción ....
2022-11-12 - GEUNInteramericana - Iniciando transformacion ....
2022-11-12 - GEUNInteramericana - Terminando extracción ....
2022-11-12 - GEUNInteramericana - Iniciando transformacion ....
2022-11-12 - GEUNInteramericana - Terminando transformacion ....
2022-11-12 - GEUNInteramericana - Iniciando carga ....
2022-11-12 - GEUNInteramericana - Iniciando transformacion ....
2022-11-12 - GEUNInteramericana - Iniciando transformacion ....
2022-11-12 - GEUNInteramericana - Terminando transformacion ....
2022-11-12 - GEUNInteramericana - Iniciando carga ....
2022-11-12 - GEUNInteramericana - Terminando transformacion ....
2022-11-12 - GEUNInteramericana - Iniciando carga ....
2022-11-12 - GEUNInteramericana - Iniciando transformacion ....
2022-11-12 - GEUNInteramericana - Terminando transformacion ....
2022-11-12 - GEUNInteramericana - Iniciando carga ....
2022-11-12 - GEUNInteramericana - Terminando transformacion ....
2022-11-12 - GEUNInteramericana - Iniciando carga ....
2022-11-12 - GEUNInteramericana - Iniciando DAG ....
2022-11-12 - GEUNInteramericana - Iniciando extracción ....
2022-11-12 - GEUNInteramericana - Iniciando DAG ....
2022-11-12 - GEUNInteramericana - Iniciando extracción ....
2022-11-12 - GEUNInteramericana - Iniciando DAG ....
2022-11-12 - GEUNInteramericana - Iniciando extracción ....
2022-11-12 - GEUNInteramericana - Terminando extracción ....
2022-11-12 - GEUNInteramericana - Iniciando DAG ....
2022-11-12 - GEUNInteramericana - Iniciando extracción ....
2022-11-12 - GEUNInteramericana - Iniciando DAG ....
2022-11-12 - GEUNInteramericana - Iniciando extracción ....
2022-11-12 - GEUNInteramericana - Terminando extracción ....
2022-11-12 - GEUNInteramericana - Iniciando DAG ....
2022-11-12 - GEUNInteramericana - Iniciando extracción ....
2022-11-12 - GEUNInteramericana - Terminando extracción ....
2022-11-12 - GEUNInteramericana - Iniciando DAG ....
2022-11-12 - GEUNInteramericana - Iniciando extracción ....
2022-11-12 - GEUNInteramericana - Iniciando transformacion ....
2022-11-12 - GEUNInteramericana - Terminando extracción ....
2022-11-12 - GEUNInteramericana - Terminando extracción ....
2022-11-12 - GEUNInteramericana - Iniciando DAG ....
2022-11-12 - GEUNInteramericana - Iniciando extracción ....
2022-11-12 - GEUNInteramericana - Terminando transformacion ....
2022-11-12 - GEUNInteramericana - Iniciando carga ....
2022-11-12 - GEUNInteramericana - Terminando extracción ....
2022-11-12 - GEUNInteramericana - Iniciando DAG ....
2022-11-12 - GEUNInteramericana - Iniciando extracción ....
2022-11-12 - GEUNInteramericana - Terminando extracción ....
2022-11-12 - GEUNInteramericana - Iniciando transformacion ....
2022-11-12 - GEUNInteramericana - Terminando extracción ....
2022-11-12 - GEUNInteramericana - Iniciando transformacion ....
2022-11-12 - GEUNInteramericana - Iniciando transformacion ....
2022-11-12 - GEUNInteramericana - Iniciando transformacion ....
2022-11-12 - GEUNInteramericana - Terminando extracción ....
2022-11-12 - GEUNInteramericana - Iniciando transformacion ....
2022-11-12 - GEUNInteramericana - Terminando transformacion ....
2022-11-12 - GEUNInteramericana - Iniciando carga ....
2022-11-12 - GEUNInteramericana - Terminando transformacion ....
2022-11-12 - GEUNInteramericana - Iniciando carga ....
2022-11-12 - GEUNInteramericana - Terminando transformacion ....
2022-11-12 - GEUNInteramericana - Iniciando carga ....
2022-11-12 - GEUNInteramericana - Terminando transformacion ....
2022-11-12 - GEUNInteramericana - Iniciando carga ....
2022-11-12 - GEUNInteramericana - Terminando transformacion ....
2022-11-12 - GEUNInteramericana - Iniciando carga ....
2022-11-12 - GEUNInteramericana - Iniciando transformacion ....
2022-11-12 - GEUNInteramericana - Iniciando transformacion ....
2022-11-12 - GEUNInteramericana - Iniciando transformacion ....
2022-11-12 - GEUNInteramericana - Terminando transformacion ....
2022-11-12 - GEUNInteramericana - Iniciando carga ....
2022-11-12 - GEUNInteramericana - Terminando transformacion ....
2022-11-12 - GEUNInteramericana - Iniciando carga ....
2022-11-12 - GEUNInteramericana - Terminando transformacion ....
2022-11-12 - GEUNInteramericana - Iniciando carga ....
2022-11-12 - GEUNInteramericana - Iniciando DAG ....
2022-11-12 - GEUNInteramericana - Iniciando extracción ....
2022-11-12 - GEUNInteramericana - Iniciando DAG ....
2022-11-12 - GEUNInteramericana - Iniciando extracción ....
2022-11-12 - GEUNInteramericana - Iniciando DAG ....
2022-11-12 - GEUNInteramericana - Iniciando extracción ....
2022-11-12 - GEUNInteramericana - Iniciando DAG ....
2022-11-12 - GEUNInteramericana - Iniciando extracción ....
2022-11-12 - GEUNInteramericana - Iniciando DAG ....
2022-11-12 - GEUNInteramericana - Iniciando extracción ....
2022-11-12 - GEUNInteramericana - Terminando extracción ....
2022-11-12 - GEUNInteramericana - Iniciando DAG ....
2022-11-12 - GEUNInteramericana - Iniciando extracción ....
2022-11-12 - GEUNInteramericana - Terminando extracción ....
2022-11-12 - GEUNInteramericana - Terminando extracción ....
2022-11-12 - GEUNInteramericana - Iniciando DAG ....
2022-11-12 - GEUNInteramericana - Iniciando extracción ....
2022-11-12 - GEUNInteramericana - Terminando extracción ....
2022-11-12 - GEUNInteramericana - Terminando extracción ....
2022-11-12 - GEUNInteramericana - Iniciando DAG ....
2022-11-12 - GEUNInteramericana - Iniciando extracción ....
2022-11-12 - GEUNInteramericana - Terminando extracción ....
2022-11-12 - GEUNInteramericana - Iniciando DAG ....
2022-11-12 - GEUNInteramericana - Iniciando extracción ....
2022-11-12 - GEUNInteramericana - Iniciando transformacion ....
2022-11-12 - GEUNInteramericana - Terminando extracción ....
2022-11-12 - GEUNInteramericana - Iniciando transformacion ....
2022-11-12 - GEUNInteramericana - Iniciando DAG ....
2022-11-12 - GEUNInteramericana - Iniciando extracción ....
2022-11-12 - GEUNInteramericana - Iniciando transformacion ....
2022-11-12 - GEUNInteramericana - Terminando transformacion ....
2022-11-12 - GEUNInteramericana - Iniciando carga ....
2022-11-12 - GEUNInteramericana - Terminando extracción ....
2022-11-12 - GEUNInteramericana - Terminando transformacion ....
2022-11-12 - GEUNInteramericana - Iniciando carga ....
2022-11-12 - GEUNInteramericana - Terminando extracción ....
2022-11-12 - GEUNInteramericana - Iniciando DAG ....
2022-11-12 - GEUNInteramericana - Iniciando extracción ....
2022-11-12 - GEUNInteramericana - Iniciando transformacion ....
2022-11-12 - GEUNInteramericana - Iniciando transformacion ....
2022-11-12 - GEUNInteramericana - Iniciando transformacion ....
2022-11-12 - GEUNInteramericana - Iniciando DAG ....
2022-11-12 - GEUNInteramericana - Iniciando extracción ....
2022-11-12 - GEUNInteramericana - Terminando transformacion ....
2022-11-12 - GEUNInteramericana - Iniciando carga ....
2022-11-12 - GEUNInteramericana - Terminando extracción ....
2022-11-12 - GEUNInteramericana - Terminando transformacion ....
2022-11-12 - GEUNInteramericana - Iniciando carga ....
2022-11-12 - GEUNInteramericana - Iniciando transformacion ....
2022-11-12 - GEUNInteramericana - Terminando transformacion ....
2022-11-12 - GEUNInteramericana - Iniciando carga ....
2022-11-12 - GEUNInteramericana - Terminando transformacion ....
2022-11-12 - GEUNInteramericana - Iniciando carga ....
2022-11-12 - GEUNInteramericana - Terminando extracción ....
2022-11-12 - GEUNInteramericana - Terminando extracción ....
2022-11-12 - GEUNInteramericana - Iniciando transformacion ....
2022-11-12 - GEUNInteramericana - Terminando transformacion ....
2022-11-12 - GEUNInteramericana - Iniciando carga ....
2022-11-12 - GEUNInteramericana - Iniciando transformacion ....
2022-11-12 - GEUNInteramericana - Terminando transformacion ....
2022-11-12 - GEUNInteramericana - Iniciando carga ....
2022-11-12 - GEUNInteramericana - Iniciando transformacion ....
2022-11-12 - GEUNInteramericana - Iniciando transformacion ....
2022-11-12 - GEUNInteramericana - Iniciando transformacion ....
2022-11-12 - GEUNInteramericana - Terminando transformacion ....
2022-11-12 - GEUNInteramericana - Iniciando carga ....
2022-11-12 - GEUNInteramericana - Terminando transformacion ....
2022-11-12 - GEUNInteramericana - Iniciando carga ....
2022-11-12 - GEUNInteramericana - Terminando transformacion ....
2022-11-12 - GEUNInteramericana - Iniciando carga ....
2022-11-12 - GEUNInteramericana - Terminando transformacion ....
2022-11-12 - GEUNInteramericana - Iniciando carga ....
