INFO - Dependencies all met for <TaskInstance: GBUNComahue_dag_elt.TaskLoad manual__2022-11-09T19:21:31.545458+00:00 [queued]>
INFO - Dependencies all met for <TaskInstance: GBUNComahue_dag_elt.TaskLoad manual__2022-11-09T19:21:31.545458+00:00 [queued]>
INFO - 
--------------------------------------------------------------------------------
INFO - Starting attempt 1 of 6
INFO - 
--------------------------------------------------------------------------------
ERROR - Did not find openlineage.yml and OPENLINEAGE_URL is not set
WARNING - Couldn't initialize transport; will print events to console.
INFO - {"eventTime": "2022-11-09T19:21:41.452588Z", "eventType": "START", "inputs": [], "job": {"facets": {}, "name": "GBUNComahue_dag_elt.TaskLoad", "namespace": "default"}, "outputs": [], "producer": "https://github.com/OpenLineage/OpenLineage/tree/0.15.1/integration/airflow", "run": {"facets": {"airflow_runArgs": {"_producer": "https://github.com/OpenLineage/OpenLineage/tree/0.15.1/integration/airflow", "_schemaURL": "https://raw.githubusercontent.com/OpenLineage/OpenLineage/main/spec/OpenLineage.json#/definitions/BaseFacet", "externalTrigger": true}, "airflow_version": {"_producer": "https://github.com/OpenLineage/OpenLineage/tree/0.15.1/integration/airflow", "_schemaURL": "https://raw.githubusercontent.com/OpenLineage/OpenLineage/main/spec/OpenLineage.json#/definitions/BaseFacet", "airflowVersion": "2.4.2+astro.1", "openlineageAirflowVersion": "0.15.1", "operator": "airflow.operators.python.PythonOperator", "taskInfo": {"_BaseOperator__from_mapped": false, "_BaseOperator__init_kwargs": {"owner": "Breyner", "python_callable": "<function load at 0x7f289e78ba60>", "retries": 5, "retry_delay": "0:10:00", "task_id": "TaskLoad"}, "_BaseOperator__instantiated": true, "_dag": {"dag_id": "GBUNComahue_dag_elt", "schedule_interval": "1:00:00", "tags": []}, "_log": "<Logger airflow.task.operators (INFO)>", "depends_on_past": false, "do_xcom_push": true, "downstream_task_ids": "set()", "email_on_failure": true, "email_on_retry": true, "executor_config": {}, "ignore_first_depends_on_past": true, "inlets": [], "op_args": [], "op_kwargs": {}, "outlets": [], "owner": "Breyner", "params": "{}", "pool": "default_pool", "pool_slots": 1, "priority_weight": 1, "python_callable": "<function load at 0x7f289e78ba60>", "queue": "default", "retries": 5, "retry_delay": "0:10:00", "retry_exponential_backoff": false, "show_return_value_in_logs": true, "start_date": "2022-11-04T00:00:00+00:00", "task_group": "<airflow.utils.task_group.TaskGroup object at 0x7f289e6455e0>", "task_id": "TaskLoad", "trigger_rule": "all_success", "upstream_task_ids": "{'TaskTransform'}", "wait_for_downstream": false, "weight_rule": "downstream"}}, "nominalTime": {"_producer": "https://github.com/OpenLineage/OpenLineage/tree/0.15.1/integration/airflow", "_schemaURL": "https://raw.githubusercontent.com/OpenLineage/OpenLineage/main/spec/OpenLineage.json#/definitions/NominalTimeRunFacet", "nominalStartTime": "2022-11-09T19:21:31.545458Z"}, "parent": {"_producer": "https://github.com/OpenLineage/OpenLineage/tree/0.15.1/integration/airflow", "_schemaURL": "https://raw.githubusercontent.com/OpenLineage/OpenLineage/main/spec/OpenLineage.json#/definitions/ParentRunFacet", "job": {"name": "GBUNComahue_dag_elt", "namespace": "default"}, "run": {"runId": "02bbbaa2-3cf0-3eb7-8f1c-d94eeb61a095"}}, "parentRun": {"_producer": "https://github.com/OpenLineage/OpenLineage/tree/0.15.1/integration/airflow", "_schemaURL": "https://raw.githubusercontent.com/OpenLineage/OpenLineage/main/spec/OpenLineage.json#/definitions/ParentRunFacet", "job": {"name": "GBUNComahue_dag_elt", "namespace": "default"}, "run": {"runId": "02bbbaa2-3cf0-3eb7-8f1c-d94eeb61a095"}}, "unknownSourceAttribute": {"_producer": "https://github.com/OpenLineage/OpenLineage/tree/0.15.1/integration/airflow", "_schemaURL": "https://raw.githubusercontent.com/OpenLineage/OpenLineage/main/spec/OpenLineage.json#/definitions/BaseFacet", "unknownItems": [{"name": "PythonOperator", "properties": {"_BaseOperator__from_mapped": false, "_BaseOperator__init_kwargs": {"owner": "Breyner", "python_callable": "<<non-serializable: function>>", "retries": 5, "retry_delay": "<<non-serializable: timedelta>>", "task_id": "TaskLoad"}, "_BaseOperator__instantiated": true, "_dag": "<<non-serializable: DAG>>", "_log": "<<non-serializable: Logger>>", "depends_on_past": false, "do_xcom_push": true, "downstream_task_ids": [], "email_on_failure": true, "email_on_retry": true, "executor_config": {}, "ignore_first_depends_on_past": true, "inlets": [], "op_args": [], "op_kwargs": {}, "outlets": [], "owner": "Breyner", "params": "<<non-serializable: ParamsDict>>", "pool": "default_pool", "pool_slots": 1, "priority_weight": 1, "python_callable": "<<non-serializable: function>>", "queue": "default", "retries": 5, "retry_delay": "<<non-serializable: timedelta>>", "retry_exponential_backoff": false, "show_return_value_in_logs": true, "start_date": "<<non-serializable: DateTime>>", "task_group": "<<non-serializable: TaskGroup>>", "task_id": "TaskLoad", "trigger_rule": "all_success", "upstream_task_ids": [], "wait_for_downstream": false, "weight_rule": "downstream"}, "type": "operator"}]}}, "runId": "12b66282-7b87-4fbe-9c36-5798b3cf5002"}}
INFO - TaskInstance Details: dag_id=GBUNComahue_dag_elt, task_id=TaskLoad, dagrun_id=manual__2022-11-09T19:21:31.545458+00:00, map_index=-1, run_start_date=2022-11-09 19:21:41.452588+00:00, try_number=1, job_id=565, op_classpath=airflow.operators.python.PythonOperator
INFO - Executing <Task(PythonOperator): TaskLoad> on 2022-11-09 19:21:31.545458+00:00
INFO - Started process 1958 to run task
INFO - Running: ['airflow', 'tasks', 'run', 'GBUNComahue_dag_elt', 'TaskLoad', 'manual__2022-11-09T19:21:31.545458+00:00', '--job-id', '565', '--raw', '--subdir', 'DAGS_FOLDER/GBUNComahue_dag_elt.py', '--cfg-path', '/tmp/tmp43fwy9l0']
INFO - Job 565: Subtask TaskLoad
WARNING - /usr/local/lib/python3.9/site-packages/airflow/configuration.py:545 DeprecationWarning: The sql_alchemy_conn option in [core] has been moved to the sql_alchemy_conn option in [database] - the old setting has been used, but please update your config.
INFO - Running <TaskInstance: GBUNComahue_dag_elt.TaskLoad manual__2022-11-09T19:21:31.545458+00:00 [running]> on host 03a0f0f60b55
INFO - Exporting the following env vars:
AIRFLOW_CTX_DAG_OWNER=Breyner
AIRFLOW_CTX_DAG_ID=GBUNComahue_dag_elt
AIRFLOW_CTX_TASK_ID=TaskLoad
AIRFLOW_CTX_EXECUTION_DATE=2022-11-09T19:21:31.545458+00:00
AIRFLOW_CTX_TRY_NUMBER=1
AIRFLOW_CTX_DAG_RUN_ID=manual__2022-11-09T19:21:31.545458+00:00
INFO - '2022-11-09' - GBUNComahue_dag_elt - Load: GBUNComahue_dag_elt
INFO - '2022-11-09' - botocore.hooks - Changing event name from creating-client-class.iot-data to creating-client-class.iot-data-plane
INFO - '2022-11-09' - botocore.hooks - Changing event name from before-call.apigateway to before-call.api-gateway
INFO - '2022-11-09' - botocore.hooks - Changing event name from request-created.machinelearning.Predict to request-created.machine-learning.Predict
INFO - '2022-11-09' - botocore.hooks - Changing event name from before-parameter-build.autoscaling.CreateLaunchConfiguration to before-parameter-build.auto-scaling.CreateLaunchConfiguration
INFO - '2022-11-09' - botocore.hooks - Changing event name from before-parameter-build.route53 to before-parameter-build.route-53
INFO - '2022-11-09' - botocore.hooks - Changing event name from request-created.cloudsearchdomain.Search to request-created.cloudsearch-domain.Search
INFO - '2022-11-09' - botocore.hooks - Changing event name from docs.*.autoscaling.CreateLaunchConfiguration.complete-section to docs.*.auto-scaling.CreateLaunchConfiguration.complete-section
INFO - '2022-11-09' - botocore.hooks - Changing event name from before-parameter-build.logs.CreateExportTask to before-parameter-build.cloudwatch-logs.CreateExportTask
INFO - '2022-11-09' - botocore.hooks - Changing event name from docs.*.logs.CreateExportTask.complete-section to docs.*.cloudwatch-logs.CreateExportTask.complete-section
INFO - '2022-11-09' - botocore.hooks - Changing event name from before-parameter-build.cloudsearchdomain.Search to before-parameter-build.cloudsearch-domain.Search
INFO - '2022-11-09' - botocore.hooks - Changing event name from docs.*.cloudsearchdomain.Search.complete-section to docs.*.cloudsearch-domain.Search.complete-section
INFO - '2022-11-09' - botocore.loaders - Loading JSON file: /usr/local/lib/python3.9/site-packages/botocore/data/endpoints.json
INFO - '2022-11-09' - botocore.loaders - Loading JSON file: /usr/local/lib/python3.9/site-packages/botocore/data/sdk-default-configuration.json
INFO - '2022-11-09' - botocore.hooks - Event choose-service-name: calling handler <function handle_service_name_alias at 0x7f2880094310>
INFO - '2022-11-09' - botocore.loaders - Loading JSON file: /usr/local/lib/python3.9/site-packages/botocore/data/s3/2006-03-01/service-2.json
INFO - '2022-11-09' - botocore.hooks - Event creating-client-class.s3: calling handler <function add_generate_presigned_post at 0x7f2880126160>
INFO - '2022-11-09' - botocore.hooks - Event creating-client-class.s3: calling handler <function lazy_call.<locals>._handler at 0x7f289e61ee50>
INFO - '2022-11-09' - botocore.hooks - Event creating-client-class.s3: calling handler <function add_generate_presigned_url at 0x7f2880124ee0>
INFO - '2022-11-09' - botocore.endpoint - Setting s3 timeout as (60, 60)
INFO - '2022-11-09' - botocore.loaders - Loading JSON file: /usr/local/lib/python3.9/site-packages/botocore/data/_retry.json
INFO - '2022-11-09' - botocore.client - Registering retry handlers for service: s3
INFO - '2022-11-09' - s3transfer.utils - Acquiring 0
INFO - '2022-11-09' - s3transfer.tasks - UploadSubmissionTask(transfer_id=0, {'transfer_future': <s3transfer.futures.TransferFuture object at 0x7f289df21e20>}) about to wait for the following futures []
INFO - '2022-11-09' - s3transfer.tasks - UploadSubmissionTask(transfer_id=0, {'transfer_future': <s3transfer.futures.TransferFuture object at 0x7f289df21e20>}) done waiting for dependent futures
INFO - '2022-11-09' - s3transfer.tasks - Executing task UploadSubmissionTask(transfer_id=0, {'transfer_future': <s3transfer.futures.TransferFuture object at 0x7f289df21e20>}) with kwargs {'client': <botocore.client.S3 object at 0x7f289df67190>, 'config': <boto3.s3.transfer.TransferConfig object at 0x7f289df210a0>, 'osutil': <s3transfer.utils.OSUtils object at 0x7f289df21070>, 'request_executor': <s3transfer.futures.BoundedExecutor object at 0x7f289df21310>, 'transfer_future': <s3transfer.futures.TransferFuture object at 0x7f289df21e20>}
INFO - '2022-11-09' - s3transfer.futures - Submitting task PutObjectTask(transfer_id=0, {'bucket': 'alkemy-2022-broc', 'key': 'preprocess/GBUNComahue_process.txt', 'extra_args': {}}) to executor <s3transfer.futures.BoundedExecutor object at 0x7f289df21310> for transfer request: 0.
INFO - '2022-11-09' - s3transfer.utils - Acquiring 0
INFO - '2022-11-09' - s3transfer.tasks - PutObjectTask(transfer_id=0, {'bucket': 'alkemy-2022-broc', 'key': 'preprocess/GBUNComahue_process.txt', 'extra_args': {}}) about to wait for the following futures []
INFO - '2022-11-09' - s3transfer.utils - Releasing acquire 0/None
INFO - '2022-11-09' - s3transfer.tasks - PutObjectTask(transfer_id=0, {'bucket': 'alkemy-2022-broc', 'key': 'preprocess/GBUNComahue_process.txt', 'extra_args': {}}) done waiting for dependent futures
INFO - '2022-11-09' - s3transfer.tasks - Executing task PutObjectTask(transfer_id=0, {'bucket': 'alkemy-2022-broc', 'key': 'preprocess/GBUNComahue_process.txt', 'extra_args': {}}) with kwargs {'client': <botocore.client.S3 object at 0x7f289df67190>, 'fileobj': <s3transfer.utils.ReadFileChunk object at 0x7f289df28490>, 'bucket': 'alkemy-2022-broc', 'key': 'preprocess/GBUNComahue_process.txt', 'extra_args': {}}
INFO - '2022-11-09' - botocore.hooks - Event before-parameter-build.s3.PutObject: calling handler <function validate_ascii_metadata at 0x7f2880039c10>
INFO - '2022-11-09' - botocore.hooks - Event before-parameter-build.s3.PutObject: calling handler <function sse_md5 at 0x7f2880039040>
INFO - '2022-11-09' - botocore.hooks - Event before-parameter-build.s3.PutObject: calling handler <function convert_body_to_file_like_object at 0x7f288003a550>
INFO - '2022-11-09' - botocore.hooks - Event before-parameter-build.s3.PutObject: calling handler <function validate_bucket_name at 0x7f2880035f70>
INFO - '2022-11-09' - botocore.hooks - Event before-parameter-build.s3.PutObject: calling handler <bound method S3RegionRedirector.redirect_from_cache of <botocore.utils.S3RegionRedirector object at 0x7f289df67f10>>
INFO - '2022-11-09' - botocore.hooks - Event before-parameter-build.s3.PutObject: calling handler <bound method S3ArnParamHandler.handle_arn of <botocore.utils.S3ArnParamHandler object at 0x7f289df67fa0>>
INFO - '2022-11-09' - botocore.hooks - Event before-parameter-build.s3.PutObject: calling handler <function generate_idempotent_uuid at 0x7f2880035dc0>
INFO - '2022-11-09' - botocore.hooks - Event before-call.s3.PutObject: calling handler <function conditionally_calculate_md5 at 0x7f2880193280>
INFO - '2022-11-09' - botocore.hooks - Event before-call.s3.PutObject: calling handler <function add_expect_header at 0x7f2880039310>
INFO - '2022-11-09' - botocore.handlers - Adding expect 100 continue header to request.
INFO - '2022-11-09' - botocore.hooks - Event before-call.s3.PutObject: calling handler <bound method S3RegionRedirector.set_request_url of <botocore.utils.S3RegionRedirector object at 0x7f289df67f10>>
INFO - '2022-11-09' - botocore.hooks - Event before-call.s3.PutObject: calling handler <function add_recursion_detection_header at 0x7f2880035a60>
INFO - '2022-11-09' - botocore.hooks - Event before-call.s3.PutObject: calling handler <function inject_api_version_header_if_needed at 0x7f288003a670>
INFO - '2022-11-09' - botocore.endpoint - Making request for OperationModel(name=PutObject) with params: {'url_path': '/alkemy-2022-broc/preprocess/GBUNComahue_process.txt', 'query_string': {}, 'method': 'PUT', 'headers': {'User-Agent': 'Boto3/1.24.59 Python/3.9.15 Linux/5.10.16.3-microsoft-standard-WSL2 Botocore/1.27.59', 'Content-MD5': 'MDaSkrWwZoE7zgrvs8F/rw==', 'Expect': '100-continue'}, 'body': <s3transfer.utils.ReadFileChunk object at 0x7f289df28490>, 'url': 'https://s3.amazonaws.com/alkemy-2022-broc/preprocess/GBUNComahue_process.txt', 'context': {'client_region': 'us-east-1', 'client_config': <botocore.config.Config object at 0x7f289df67490>, 'has_streaming_input': True, 'auth_type': None, 'signing': {'bucket': 'alkemy-2022-broc'}}}
INFO - '2022-11-09' - botocore.hooks - Event request-created.s3.PutObject: calling handler <function signal_not_transferring at 0x7f287ff47e50>
INFO - '2022-11-09' - botocore.hooks - Event request-created.s3.PutObject: calling handler <bound method RequestSigner.handler of <botocore.signers.RequestSigner object at 0x7f289df67250>>
INFO - '2022-11-09' - botocore.hooks - Event choose-signer.s3.PutObject: calling handler <bound method S3EndpointSetter.set_signer of <botocore.utils.S3EndpointSetter object at 0x7f289df67f40>>
INFO - '2022-11-09' - botocore.hooks - Event choose-signer.s3.PutObject: calling handler <bound method ClientCreator._default_s3_presign_to_sigv2 of <botocore.client.ClientCreator object at 0x7f289e543490>>
INFO - '2022-11-09' - botocore.hooks - Event choose-signer.s3.PutObject: calling handler <function set_operation_specific_signer at 0x7f2880035ca0>
INFO - '2022-11-09' - botocore.hooks - Event before-sign.s3.PutObject: calling handler <bound method S3EndpointSetter.set_endpoint of <botocore.utils.S3EndpointSetter object at 0x7f289df67f40>>
INFO - '2022-11-09' - botocore.utils - Defaulting to S3 virtual host style addressing with path style addressing fallback.
INFO - '2022-11-09' - botocore.utils - Checking for DNS compatible bucket for: https://s3.amazonaws.com/alkemy-2022-broc/preprocess/GBUNComahue_process.txt
INFO - '2022-11-09' - botocore.utils - URI updated to: https://alkemy-2022-broc.s3.amazonaws.com/preprocess/GBUNComahue_process.txt
INFO - '2022-11-09' - botocore.auth - Calculating signature using v4 auth.
INFO - '2022-11-09' - botocore.auth - CanonicalRequest:
PUT
/preprocess/GBUNComahue_process.txt

content-md5:MDaSkrWwZoE7zgrvs8F/rw==
host:alkemy-2022-broc.s3.amazonaws.com
x-amz-content-sha256:UNSIGNED-PAYLOAD
x-amz-date:20221109T192142Z

content-md5;host;x-amz-content-sha256;x-amz-date
UNSIGNED-PAYLOAD
INFO - '2022-11-09' - botocore.auth - StringToSign:
AWS4-HMAC-SHA256
20221109T192142Z
20221109/us-east-1/s3/aws4_request
f96abc69c8058e88a72b02dffdd2d1e81c3a42c70a6beecd56fa13d7e070b00e
INFO - '2022-11-09' - botocore.auth - Signature:
c2e4f19dea60a60e0ed604e2b8a82dff733fa8e07336a7c1b18d3057fa567a2a
INFO - '2022-11-09' - botocore.hooks - Event request-created.s3.PutObject: calling handler <function signal_transferring at 0x7f287ff47ee0>
INFO - '2022-11-09' - botocore.hooks - Event request-created.s3.PutObject: calling handler <function add_retry_headers at 0x7f288003ad30>
INFO - '2022-11-09' - botocore.endpoint - Sending http request: <AWSPreparedRequest stream_output=False, method=PUT, url=https://alkemy-2022-broc.s3.amazonaws.com/preprocess/GBUNComahue_process.txt, headers={'User-Agent': b'Boto3/1.24.59 Python/3.9.15 Linux/5.10.16.3-microsoft-standard-WSL2 Botocore/1.27.59', 'Content-MD5': b'MDaSkrWwZoE7zgrvs8F/rw==', 'Expect': b'100-continue', 'X-Amz-Date': b'20221109T192142Z', 'X-Amz-Content-SHA256': b'UNSIGNED-PAYLOAD', 'Authorization': b'AWS4-HMAC-SHA256 Credential=AKIA2T3AUJQ2FKFOQTZ4/20221109/us-east-1/s3/aws4_request, SignedHeaders=content-md5;host;x-amz-content-sha256;x-amz-date, Signature=c2e4f19dea60a60e0ed604e2b8a82dff733fa8e07336a7c1b18d3057fa567a2a', 'amz-sdk-invocation-id': b'24dd274f-8657-4588-9371-01ec2fa69846', 'amz-sdk-request': b'attempt=1', 'Content-Length': '251030'}>
INFO - '2022-11-09' - botocore.httpsession - Certificate path: /usr/local/lib/python3.9/site-packages/certifi/cacert.pem
INFO - '2022-11-09' - urllib3.connectionpool - Starting new HTTPS connection (1): alkemy-2022-broc.s3.amazonaws.com:443
INFO - '2022-11-09' - botocore.awsrequest - Waiting for 100 Continue response.
INFO - '2022-11-09' - botocore.awsrequest - 100 Continue response seen, now sending request body.
INFO - '2022-11-09' - urllib3.connectionpool - https://alkemy-2022-broc.s3.amazonaws.com:443 "PUT /preprocess/GBUNComahue_process.txt HTTP/1.1" 200 0
INFO - '2022-11-09' - botocore.parsers - Response headers: {'x-amz-id-2': 'LhS6ye0JYXReFv9wbWcysZ9ZRUarzGDkZDXYNioX2/ZX70FDyIiYgWapwtYqMahZyuhm6gyMvKU=', 'x-amz-request-id': '9M48JM2PYXA2JH8V', 'Date': 'Wed, 09 Nov 2022 19:21:41 GMT', 'ETag': '"30369292b5b066813bce0aefb3c17faf"', 'Server': 'AmazonS3', 'Content-Length': '0'}
INFO - '2022-11-09' - botocore.parsers - Response body:
b''
INFO - '2022-11-09' - botocore.hooks - Event needs-retry.s3.PutObject: calling handler <botocore.retryhandler.RetryHandler object at 0x7f289df67e50>
INFO - '2022-11-09' - botocore.retryhandler - No retry needed.
INFO - '2022-11-09' - botocore.hooks - Event needs-retry.s3.PutObject: calling handler <bound method S3RegionRedirector.redirect_from_error of <botocore.utils.S3RegionRedirector object at 0x7f289df67f10>>
INFO - '2022-11-09' - s3transfer.utils - Releasing acquire 0/None
INFO - Done. Returned value was: True
INFO - Marking task as SUCCESS. dag_id=GBUNComahue_dag_elt, task_id=TaskLoad, execution_date=20221109T192131, start_date=20221109T192141, end_date=20221109T192143
INFO - '2022-11-09' - airflow.listeners.events - session flush listener: added [<TaskInstanceState.SUCCESS: 'success'>] unchanged () deleted ['running'] - <TaskInstance: GBUNComahue_dag_elt.TaskLoad manual__2022-11-09T19:21:31.545458+00:00 [success]>
INFO - '2022-11-09' - airflow - OpenLineage listener got notification about task instance success
INFO - '2022-11-09' - root - Using extractor PythonExtractor task_type=PythonOperator airflow_dag_id=GBUNComahue_dag_elt task_id=TaskLoad airflow_run_id=manual__2022-11-09T19:21:31.545458+00:00
INFO - '2022-11-09' - root - Found task metadata for operation TaskLoad: TaskMetadata(name='GBUNComahue_dag_elt.TaskLoad', inputs=[], outputs=[], run_facets={'unknownSourceAttribute': UnknownOperatorAttributeRunFacet(_producer='https://github.com/OpenLineage/OpenLineage/tree/0.15.1/integration/airflow', _schemaURL='https://raw.githubusercontent.com/OpenLineage/OpenLineage/main/spec/OpenLineage.json#/definitions/BaseFacet', unknownItems=[UnknownOperatorInstance(name='PythonOperator', properties={'_BaseOperator__init_kwargs': {'task_id': 'TaskLoad', 'owner': 'Breyner', 'retries': 5, 'retry_delay': datetime.timedelta(seconds=600), 'python_callable': <function load at 0x7f289e78ba60>}, '_BaseOperator__from_mapped': False, 'task_id': 'TaskLoad', 'task_group': <airflow.utils.task_group.TaskGroup object at 0x7f289e6455e0>, 'owner': 'Breyner', 'email': None, 'email_on_retry': True, 'email_on_failure': True, 'execution_timeout': None, 'on_execute_callback': None, 'on_failure_callback': None, 'on_success_callback': None, 'on_retry_callback': None, '_pre_execute_hook': None, '_post_execute_hook': None, 'executor_config': {}, 'run_as_user': None, 'retries': 5, 'queue': 'default', 'pool': 'default_pool', 'pool_slots': 1, 'sla': None, 'trigger_rule': <TriggerRule.ALL_SUCCESS: 'all_success'>, 'depends_on_past': False, 'ignore_first_depends_on_past': True, 'wait_for_downstream': False, 'retry_delay': datetime.timedelta(seconds=600), 'retry_exponential_backoff': False, 'max_retry_delay': None, 'params': {}, 'priority_weight': 1, 'weight_rule': <WeightRule.DOWNSTREAM: 'downstream'>, 'resources': None, 'max_active_tis_per_dag': None, 'do_xcom_push': True, 'doc_md': None, 'doc_json': None, 'doc_yaml': None, 'doc_rst': None, 'doc': None, 'upstream_task_ids': {'TaskTransform'}, 'downstream_task_ids': set(), 'start_date': DateTime(2022, 11, 4, 0, 0, 0, tzinfo=Timezone('UTC')), 'end_date': None, '_dag': <DAG: GBUNComahue_dag_elt>, '_log': <Logger airflow.task.operators (INFO)>, 'inlets': [], 'outlets': [], 'python_callable': <function load at 0x7f289e78ba60>, 'op_args': (), 'op_kwargs': {}, 'templates_dict': None, 'show_return_value_in_logs': True, '_BaseOperator__instantiated': True}, type='operator')])}, job_facets={})
INFO - '2022-11-09' - root - Manually extracting lineage metadata from inlets and outlets
INFO - '2022-11-09' - openlineage.client.transport.console - {"eventTime": "2022-11-09T19:21:43.688317Z", "eventType": "COMPLETE", "inputs": [], "job": {"facets": {}, "name": "GBUNComahue_dag_elt.TaskLoad", "namespace": "default"}, "outputs": [], "producer": "https://github.com/OpenLineage/OpenLineage/tree/0.15.1/integration/airflow", "run": {"facets": {"unknownSourceAttribute": {"_producer": "https://github.com/OpenLineage/OpenLineage/tree/0.15.1/integration/airflow", "_schemaURL": "https://raw.githubusercontent.com/OpenLineage/OpenLineage/main/spec/OpenLineage.json#/definitions/BaseFacet", "unknownItems": [{"name": "PythonOperator", "properties": {"_BaseOperator__from_mapped": false, "_BaseOperator__init_kwargs": {"owner": "Breyner", "python_callable": "<<non-serializable: function>>", "retries": 5, "retry_delay": "<<non-serializable: timedelta>>", "task_id": "TaskLoad"}, "_BaseOperator__instantiated": true, "_dag": "<<non-serializable: DAG>>", "_log": "<<non-serializable: Logger>>", "depends_on_past": false, "do_xcom_push": true, "downstream_task_ids": [], "email_on_failure": true, "email_on_retry": true, "executor_config": {}, "ignore_first_depends_on_past": true, "inlets": [], "op_args": [], "op_kwargs": {}, "outlets": [], "owner": "Breyner", "params": "<<non-serializable: ParamsDict>>", "pool": "default_pool", "pool_slots": 1, "priority_weight": 1, "python_callable": "<<non-serializable: function>>", "queue": "default", "retries": 5, "retry_delay": "<<non-serializable: timedelta>>", "retry_exponential_backoff": false, "show_return_value_in_logs": true, "start_date": "<<non-serializable: DateTime>>", "task_group": "<<non-serializable: TaskGroup>>", "task_id": "TaskLoad", "trigger_rule": "all_success", "upstream_task_ids": [], "wait_for_downstream": false, "weight_rule": "downstream"}, "type": "operator"}]}}, "runId": "12b66282-7b87-4fbe-9c36-5798b3cf5002"}}
INFO - Task exited with return code 0
INFO - 0 downstream tasks scheduled from follow-on schedule check
