INFO - Dependencies all met for <TaskInstance: GBUNSalvador_dag_elt.TaskExtract scheduled__2022-11-10T09:39:45.202232+00:00 [queued]>
INFO - Dependencies all met for <TaskInstance: GBUNSalvador_dag_elt.TaskExtract scheduled__2022-11-10T09:39:45.202232+00:00 [queued]>
INFO - 
--------------------------------------------------------------------------------
INFO - Starting attempt 1 of 6
INFO - 
--------------------------------------------------------------------------------
ERROR - Did not find openlineage.yml and OPENLINEAGE_URL is not set
WARNING - Couldn't initialize transport; will print events to console.
INFO - {"eventTime": "2022-11-10T11:03:53.803601Z", "eventType": "START", "inputs": [], "job": {"facets": {}, "name": "GBUNSalvador_dag_elt.TaskExtract", "namespace": "default"}, "outputs": [], "producer": "https://github.com/OpenLineage/OpenLineage/tree/0.15.1/integration/airflow", "run": {"facets": {"airflow_runArgs": {"_producer": "https://github.com/OpenLineage/OpenLineage/tree/0.15.1/integration/airflow", "_schemaURL": "https://raw.githubusercontent.com/OpenLineage/OpenLineage/main/spec/OpenLineage.json#/definitions/BaseFacet", "externalTrigger": false}, "airflow_version": {"_producer": "https://github.com/OpenLineage/OpenLineage/tree/0.15.1/integration/airflow", "_schemaURL": "https://raw.githubusercontent.com/OpenLineage/OpenLineage/main/spec/OpenLineage.json#/definitions/BaseFacet", "airflowVersion": "2.4.2+astro.1", "openlineageAirflowVersion": "0.15.1", "operator": "airflow.operators.python.PythonOperator", "taskInfo": {"_BaseOperator__from_mapped": false, "_BaseOperator__init_kwargs": {"owner": "Breyner", "python_callable": "<function extract at 0x7f228f0b05e0>", "retries": 5, "retry_delay": "0:10:00", "task_id": "TaskExtract"}, "_BaseOperator__instantiated": true, "_dag": {"dag_id": "GBUNSalvador_dag_elt", "schedule_interval": "1:00:00", "tags": []}, "_log": "<Logger airflow.task.operators (INFO)>", "depends_on_past": false, "do_xcom_push": true, "downstream_task_ids": "{'TaskTransform'}", "email_on_failure": true, "email_on_retry": true, "executor_config": {}, "ignore_first_depends_on_past": true, "inlets": [], "op_args": [], "op_kwargs": {}, "outlets": [], "owner": "Breyner", "params": "{}", "pool": "default_pool", "pool_slots": 1, "priority_weight": 1, "python_callable": "<function extract at 0x7f228f0b05e0>", "queue": "default", "retries": 5, "retry_delay": "0:10:00", "retry_exponential_backoff": false, "show_return_value_in_logs": true, "start_date": "2022-11-04T00:00:00+00:00", "task_group": "<airflow.utils.task_group.TaskGroup object at 0x7f228eef4550>", "task_id": "TaskExtract", "trigger_rule": "all_success", "upstream_task_ids": "set()", "wait_for_downstream": false, "weight_rule": "downstream"}}, "nominalTime": {"_producer": "https://github.com/OpenLineage/OpenLineage/tree/0.15.1/integration/airflow", "_schemaURL": "https://raw.githubusercontent.com/OpenLineage/OpenLineage/main/spec/OpenLineage.json#/definitions/NominalTimeRunFacet", "nominalStartTime": "2022-11-10T09:39:45.202232Z"}, "parent": {"_producer": "https://github.com/OpenLineage/OpenLineage/tree/0.15.1/integration/airflow", "_schemaURL": "https://raw.githubusercontent.com/OpenLineage/OpenLineage/main/spec/OpenLineage.json#/definitions/ParentRunFacet", "job": {"name": "GBUNSalvador_dag_elt", "namespace": "default"}, "run": {"runId": "64e3cc4e-86f3-343c-b670-b191ad6cdf79"}}, "parentRun": {"_producer": "https://github.com/OpenLineage/OpenLineage/tree/0.15.1/integration/airflow", "_schemaURL": "https://raw.githubusercontent.com/OpenLineage/OpenLineage/main/spec/OpenLineage.json#/definitions/ParentRunFacet", "job": {"name": "GBUNSalvador_dag_elt", "namespace": "default"}, "run": {"runId": "64e3cc4e-86f3-343c-b670-b191ad6cdf79"}}, "unknownSourceAttribute": {"_producer": "https://github.com/OpenLineage/OpenLineage/tree/0.15.1/integration/airflow", "_schemaURL": "https://raw.githubusercontent.com/OpenLineage/OpenLineage/main/spec/OpenLineage.json#/definitions/BaseFacet", "unknownItems": [{"name": "PythonOperator", "properties": {"_BaseOperator__from_mapped": false, "_BaseOperator__init_kwargs": {"owner": "Breyner", "python_callable": "<<non-serializable: function>>", "retries": 5, "retry_delay": "<<non-serializable: timedelta>>", "task_id": "TaskExtract"}, "_BaseOperator__instantiated": true, "_dag": "<<non-serializable: DAG>>", "_log": "<<non-serializable: Logger>>", "depends_on_past": false, "do_xcom_push": true, "downstream_task_ids": [], "email_on_failure": true, "email_on_retry": true, "executor_config": {}, "ignore_first_depends_on_past": true, "inlets": [], "op_args": [], "op_kwargs": {}, "outlets": [], "owner": "Breyner", "params": "<<non-serializable: ParamsDict>>", "pool": "default_pool", "pool_slots": 1, "priority_weight": 1, "python_callable": "<<non-serializable: function>>", "queue": "default", "retries": 5, "retry_delay": "<<non-serializable: timedelta>>", "retry_exponential_backoff": false, "show_return_value_in_logs": true, "start_date": "<<non-serializable: DateTime>>", "task_group": "<<non-serializable: TaskGroup>>", "task_id": "TaskExtract", "trigger_rule": "all_success", "upstream_task_ids": [], "wait_for_downstream": false, "weight_rule": "downstream"}, "type": "operator"}]}}, "runId": "942176e1-5790-4e20-8e46-43835595a90c"}}
INFO - TaskInstance Details: dag_id=GBUNSalvador_dag_elt, task_id=TaskExtract, dagrun_id=scheduled__2022-11-10T09:39:45.202232+00:00, map_index=-1, run_start_date=2022-11-10 11:03:53.803601+00:00, try_number=1, job_id=2982, op_classpath=airflow.operators.python.PythonOperator
INFO - Executing <Task(PythonOperator): TaskExtract> on 2022-11-10 09:39:45.202232+00:00
INFO - Started process 2132 to run task
INFO - Running: ['airflow', 'tasks', 'run', 'GBUNSalvador_dag_elt', 'TaskExtract', 'scheduled__2022-11-10T09:39:45.202232+00:00', '--job-id', '2982', '--raw', '--subdir', 'DAGS_FOLDER/GBUNSalvador_dag_elt.py', '--cfg-path', '/tmp/tmpdqbyjudh']
INFO - Job 2982: Subtask TaskExtract
WARNING - /usr/local/lib/python3.9/site-packages/airflow/configuration.py:545 DeprecationWarning: The sql_alchemy_conn option in [core] has been moved to the sql_alchemy_conn option in [database] - the old setting has been used, but please update your config.
INFO - Running <TaskInstance: GBUNSalvador_dag_elt.TaskExtract scheduled__2022-11-10T09:39:45.202232+00:00 [running]> on host d1b6a3478c83
INFO - Exporting the following env vars:
AIRFLOW_CTX_DAG_OWNER=Breyner
AIRFLOW_CTX_DAG_ID=GBUNSalvador_dag_elt
AIRFLOW_CTX_TASK_ID=TaskExtract
AIRFLOW_CTX_EXECUTION_DATE=2022-11-10T09:39:45.202232+00:00
AIRFLOW_CTX_TRY_NUMBER=1
AIRFLOW_CTX_DAG_RUN_ID=scheduled__2022-11-10T09:39:45.202232+00:00
INFO - '2022-11-10' - GBUNSalvador_dag_elt - GBUNSalvador_dag_elt
INFO - '2022-11-10' - GBUNSalvador_dag_elt - Extract
INFO - '2022-11-10' - GBUNSalvador_dag_elt - Connect: alkemy_db
INFO - '2022-11-10' - airflow.hooks.base - Using connection ID 'alkemy_db' for task execution.
ERROR - Task failed with exception
Traceback (most recent call last):
  File "/usr/local/lib/python3.9/site-packages/airflow/operators/python.py", line 175, in execute
    return_value = self.execute_callable()
  File "/usr/local/lib/python3.9/site-packages/airflow/operators/python.py", line 193, in execute_callable
    return self.python_callable(*self.op_args, **self.op_kwargs)
  File "/usr/local/airflow/dags/GBUNSalvador_dag_elt.py", line 52, in extract
    conn = hook.get_conn()
  File "/usr/local/lib/python3.9/site-packages/airflow/providers/postgres/hooks/postgres.py", line 115, in get_conn
    self.conn = psycopg2.connect(**conn_args)
  File "/usr/local/lib/python3.9/site-packages/psycopg2/__init__.py", line 122, in connect
    conn = _connect(dsn, connection_factory=connection_factory, **kwasync)
psycopg2.OperationalError: could not translate host name "training-main.cghe7e6sfljt.us-east-1.rds.amazonaws.com" to address: Temporary failure in name resolution

INFO - Marking task as UP_FOR_RETRY. dag_id=GBUNSalvador_dag_elt, task_id=TaskExtract, execution_date=20221110T093945, start_date=20221110T110353, end_date=20221110T110405
INFO - '2022-11-10' - airflow.listeners.events - session flush listener: added [<TaskInstanceState.UP_FOR_RETRY: 'up_for_retry'>] unchanged () deleted ['running'] - <TaskInstance: GBUNSalvador_dag_elt.TaskExtract scheduled__2022-11-10T09:39:45.202232+00:00 [up_for_retry]>
ERROR - Failed to execute job 2982 for task TaskExtract (could not translate host name "training-main.cghe7e6sfljt.us-east-1.rds.amazonaws.com" to address: Temporary failure in name resolution
; 2132)
INFO - Task exited with return code 1
INFO - 0 downstream tasks scheduled from follow-on schedule check
