INFO - Dependencies all met for <TaskInstance: ETL_dag.ETL scheduled__2018-01-01T00:00:00+00:00 [queued]>
INFO - Dependencies all met for <TaskInstance: ETL_dag.ETL scheduled__2018-01-01T00:00:00+00:00 [queued]>
INFO - 
--------------------------------------------------------------------------------
INFO - Starting attempt 1 of 2
INFO - 
--------------------------------------------------------------------------------
ERROR - Did not find openlineage.yml and OPENLINEAGE_URL is not set
WARNING - Couldn't initialize transport; will print events to console.
INFO - {"eventTime": "2022-11-10T14:46:58.441008Z", "eventType": "START", "inputs": [], "job": {"facets": {"documentation": {"_producer": "https://github.com/OpenLineage/OpenLineage/tree/0.15.1/integration/airflow", "_schemaURL": "https://raw.githubusercontent.com/OpenLineage/OpenLineage/main/spec/OpenLineage.json#/definitions/DocumentationJobFacet", "description": "this is an ETL dag!"}}, "name": "ETL_dag.ETL", "namespace": "default"}, "outputs": [], "producer": "https://github.com/OpenLineage/OpenLineage/tree/0.15.1/integration/airflow", "run": {"facets": {"airflow_runArgs": {"_producer": "https://github.com/OpenLineage/OpenLineage/tree/0.15.1/integration/airflow", "_schemaURL": "https://raw.githubusercontent.com/OpenLineage/OpenLineage/main/spec/OpenLineage.json#/definitions/BaseFacet", "externalTrigger": false}, "airflow_version": {"_producer": "https://github.com/OpenLineage/OpenLineage/tree/0.15.1/integration/airflow", "_schemaURL": "https://raw.githubusercontent.com/OpenLineage/OpenLineage/main/spec/OpenLineage.json#/definitions/BaseFacet", "airflowVersion": "2.4.2+astro.1", "openlineageAirflowVersion": "0.15.1", "operator": "airflow.operators.python.PythonOperator", "taskInfo": {"_BaseOperator__from_mapped": false, "_BaseOperator__init_kwargs": {"dag": {"dag_id": "ETL_dag", "schedule_interval": "@daily"}, "owner": "BROC95", "python_callable": "<function main at 0x7fcf691bd940>", "retries": 1, "retry_delay": "0:05:00", "start_date": "2018-01-01T00:00:00+00:00", "task_id": "ETL"}, "_BaseOperator__instantiated": true, "_dag": {"dag_id": "ETL_dag", "schedule_interval": "@daily"}, "_log": "<Logger airflow.task.operators (INFO)>", "depends_on_past": false, "do_xcom_push": true, "downstream_task_ids": "{'Extract_B1', 'Extract_B2'}", "email_on_failure": true, "email_on_retry": true, "executor_config": {}, "ignore_first_depends_on_past": true, "inlets": [], "op_args": [], "op_kwargs": {}, "outlets": [], "owner": "BROC95", "params": "{}", "pool": "default_pool", "pool_slots": 1, "priority_weight": 1, "python_callable": "<function main at 0x7fcf691bd940>", "queue": "default", "retries": 1, "retry_delay": "0:05:00", "retry_exponential_backoff": false, "show_return_value_in_logs": true, "start_date": "2018-01-01T00:00:00+00:00", "task_group": "<airflow.utils.task_group.TaskGroup object at 0x7fcf6907e070>", "task_id": "ETL", "trigger_rule": "all_success", "upstream_task_ids": "set()", "wait_for_downstream": false, "weight_rule": "downstream"}}, "nominalTime": {"_producer": "https://github.com/OpenLineage/OpenLineage/tree/0.15.1/integration/airflow", "_schemaURL": "https://raw.githubusercontent.com/OpenLineage/OpenLineage/main/spec/OpenLineage.json#/definitions/NominalTimeRunFacet", "nominalStartTime": "2018-01-01T00:00:00.000000Z"}, "parent": {"_producer": "https://github.com/OpenLineage/OpenLineage/tree/0.15.1/integration/airflow", "_schemaURL": "https://raw.githubusercontent.com/OpenLineage/OpenLineage/main/spec/OpenLineage.json#/definitions/ParentRunFacet", "job": {"name": "ETL_dag", "namespace": "default"}, "run": {"runId": "00655584-8852-33ef-b129-cb17c44600a7"}}, "parentRun": {"_producer": "https://github.com/OpenLineage/OpenLineage/tree/0.15.1/integration/airflow", "_schemaURL": "https://raw.githubusercontent.com/OpenLineage/OpenLineage/main/spec/OpenLineage.json#/definitions/ParentRunFacet", "job": {"name": "ETL_dag", "namespace": "default"}, "run": {"runId": "00655584-8852-33ef-b129-cb17c44600a7"}}, "unknownSourceAttribute": {"_producer": "https://github.com/OpenLineage/OpenLineage/tree/0.15.1/integration/airflow", "_schemaURL": "https://raw.githubusercontent.com/OpenLineage/OpenLineage/main/spec/OpenLineage.json#/definitions/BaseFacet", "unknownItems": [{"name": "PythonOperator", "properties": {"_BaseOperator__from_mapped": false, "_BaseOperator__init_kwargs": {"dag": "<<non-serializable: DAG>>", "owner": "BROC95", "python_callable": "<<non-serializable: function>>", "retries": 1, "retry_delay": "<<non-serializable: timedelta>>", "start_date": "<<non-serializable: DateTime>>", "task_id": "ETL"}, "_BaseOperator__instantiated": true, "_dag": "<<non-serializable: DAG>>", "_log": "<<non-serializable: Logger>>", "depends_on_past": false, "do_xcom_push": true, "downstream_task_ids": [], "email_on_failure": true, "email_on_retry": true, "executor_config": {}, "ignore_first_depends_on_past": true, "inlets": [], "op_args": [], "op_kwargs": {}, "outlets": [], "owner": "BROC95", "params": "<<non-serializable: ParamsDict>>", "pool": "default_pool", "pool_slots": 1, "priority_weight": 1, "python_callable": "<<non-serializable: function>>", "queue": "default", "retries": 1, "retry_delay": "<<non-serializable: timedelta>>", "retry_exponential_backoff": false, "show_return_value_in_logs": true, "start_date": "<<non-serializable: DateTime>>", "task_group": "<<non-serializable: TaskGroup>>", "task_id": "ETL", "trigger_rule": "all_success", "upstream_task_ids": [], "wait_for_downstream": false, "weight_rule": "downstream"}, "type": "operator"}]}}, "runId": "32e30a8b-cfc3-4847-8d86-a5d836bf067b"}}
INFO - TaskInstance Details: dag_id=ETL_dag, task_id=ETL, dagrun_id=scheduled__2018-01-01T00:00:00+00:00, map_index=-1, run_start_date=2022-11-10 14:46:58.441008+00:00, try_number=1, job_id=7, op_classpath=airflow.operators.python.PythonOperator
INFO - Executing <Task(PythonOperator): ETL> on 2018-01-01 00:00:00+00:00
INFO - Started process 173 to run task
INFO - Running: ['airflow', 'tasks', 'run', 'ETL_dag', 'ETL', 'scheduled__2018-01-01T00:00:00+00:00', '--job-id', '7', '--raw', '--subdir', 'DAGS_FOLDER/dag_factory/factory.py', '--cfg-path', '/tmp/tmp1phh1t9c']
INFO - Job 7: Subtask ETL
WARNING - /usr/local/lib/python3.9/site-packages/airflow/configuration.py:545 DeprecationWarning: The sql_alchemy_conn option in [core] has been moved to the sql_alchemy_conn option in [database] - the old setting has been used, but please update your config.
INFO - Running <TaskInstance: ETL_dag.ETL scheduled__2018-01-01T00:00:00+00:00 [running]> on host b33e9ad29d64
INFO - Exporting the following env vars:
AIRFLOW_CTX_DAG_OWNER=BROC95
AIRFLOW_CTX_DAG_ID=ETL_dag
AIRFLOW_CTX_TASK_ID=ETL
AIRFLOW_CTX_EXECUTION_DATE=2018-01-01T00:00:00+00:00
AIRFLOW_CTX_TRY_NUMBER=1
AIRFLOW_CTX_DAG_RUN_ID=scheduled__2018-01-01T00:00:00+00:00
INFO - Init process ETL Alkemy
INFO - Broc95
INFO - Done. Returned value was: None
INFO - Marking task as SUCCESS. dag_id=ETL_dag, task_id=ETL, execution_date=20180101T000000, start_date=20221110T144658, end_date=20221110T144659
INFO - {"eventTime": "2022-11-10T14:46:59.669761Z", "eventType": "COMPLETE", "inputs": [], "job": {"facets": {}, "name": "ETL_dag.ETL", "namespace": "default"}, "outputs": [], "producer": "https://github.com/OpenLineage/OpenLineage/tree/0.15.1/integration/airflow", "run": {"facets": {"unknownSourceAttribute": {"_producer": "https://github.com/OpenLineage/OpenLineage/tree/0.15.1/integration/airflow", "_schemaURL": "https://raw.githubusercontent.com/OpenLineage/OpenLineage/main/spec/OpenLineage.json#/definitions/BaseFacet", "unknownItems": [{"name": "PythonOperator", "properties": {"_BaseOperator__from_mapped": false, "_BaseOperator__init_kwargs": {"dag": "<<non-serializable: DAG>>", "owner": "BROC95", "python_callable": "<<non-serializable: function>>", "retries": 1, "retry_delay": "<<non-serializable: timedelta>>", "start_date": "<<non-serializable: DateTime>>", "task_id": "ETL"}, "_BaseOperator__instantiated": true, "_dag": "<<non-serializable: DAG>>", "_log": "<<non-serializable: Logger>>", "depends_on_past": false, "do_xcom_push": true, "downstream_task_ids": [], "email_on_failure": true, "email_on_retry": true, "executor_config": {}, "ignore_first_depends_on_past": true, "inlets": [], "op_args": [], "op_kwargs": {}, "outlets": [], "owner": "BROC95", "params": "<<non-serializable: ParamsDict>>", "pool": "default_pool", "pool_slots": 1, "priority_weight": 1, "python_callable": "<<non-serializable: function>>", "queue": "default", "retries": 1, "retry_delay": "<<non-serializable: timedelta>>", "retry_exponential_backoff": false, "show_return_value_in_logs": true, "start_date": "<<non-serializable: DateTime>>", "task_group": "<<non-serializable: TaskGroup>>", "task_id": "ETL", "trigger_rule": "all_success", "upstream_task_ids": [], "wait_for_downstream": false, "weight_rule": "downstream"}, "type": "operator"}]}}, "runId": "32e30a8b-cfc3-4847-8d86-a5d836bf067b"}}
INFO - Task exited with return code 0
INFO - 2 downstream tasks scheduled from follow-on schedule check
