INFO - Dependencies all met for <TaskInstance: GBUNSalvador_dag_elt.TaskExtract manual__2022-11-10T06:13:19.477101+00:00 [queued]>
INFO - Dependencies all met for <TaskInstance: GBUNSalvador_dag_elt.TaskExtract manual__2022-11-10T06:13:19.477101+00:00 [queued]>
INFO - 
--------------------------------------------------------------------------------
INFO - Starting attempt 2 of 6
INFO - 
--------------------------------------------------------------------------------
ERROR - Did not find openlineage.yml and OPENLINEAGE_URL is not set
WARNING - Couldn't initialize transport; will print events to console.
INFO - {"eventTime": "2022-11-10T06:23:23.234398Z", "eventType": "START", "inputs": [], "job": {"facets": {}, "name": "GBUNSalvador_dag_elt.TaskExtract", "namespace": "default"}, "outputs": [], "producer": "https://github.com/OpenLineage/OpenLineage/tree/0.15.1/integration/airflow", "run": {"facets": {"airflow_runArgs": {"_producer": "https://github.com/OpenLineage/OpenLineage/tree/0.15.1/integration/airflow", "_schemaURL": "https://raw.githubusercontent.com/OpenLineage/OpenLineage/main/spec/OpenLineage.json#/definitions/BaseFacet", "externalTrigger": true}, "airflow_version": {"_producer": "https://github.com/OpenLineage/OpenLineage/tree/0.15.1/integration/airflow", "_schemaURL": "https://raw.githubusercontent.com/OpenLineage/OpenLineage/main/spec/OpenLineage.json#/definitions/BaseFacet", "airflowVersion": "2.4.2+astro.1", "openlineageAirflowVersion": "0.15.1", "operator": "airflow.operators.python.PythonOperator", "taskInfo": {"_BaseOperator__from_mapped": false, "_BaseOperator__init_kwargs": {"owner": "Breyner", "python_callable": "<function extract at 0x7fcc544c65e0>", "retries": 5, "retry_delay": "0:10:00", "task_id": "TaskExtract"}, "_BaseOperator__instantiated": true, "_dag": {"dag_id": "GBUNSalvador_dag_elt", "schedule_interval": "1:00:00", "tags": []}, "_log": "<Logger airflow.task.operators (INFO)>", "depends_on_past": false, "do_xcom_push": true, "downstream_task_ids": "{'TaskTransform'}", "email_on_failure": true, "email_on_retry": true, "executor_config": {}, "ignore_first_depends_on_past": true, "inlets": [], "op_args": [], "op_kwargs": {}, "outlets": [], "owner": "Breyner", "params": "{}", "pool": "default_pool", "pool_slots": 1, "priority_weight": 1, "python_callable": "<function extract at 0x7fcc544c65e0>", "queue": "default", "retries": 5, "retry_delay": "0:10:00", "retry_exponential_backoff": false, "show_return_value_in_logs": true, "start_date": "2022-11-04T00:00:00+00:00", "task_group": "<airflow.utils.task_group.TaskGroup object at 0x7fcc5430a3a0>", "task_id": "TaskExtract", "trigger_rule": "all_success", "upstream_task_ids": "set()", "wait_for_downstream": false, "weight_rule": "downstream"}}, "nominalTime": {"_producer": "https://github.com/OpenLineage/OpenLineage/tree/0.15.1/integration/airflow", "_schemaURL": "https://raw.githubusercontent.com/OpenLineage/OpenLineage/main/spec/OpenLineage.json#/definitions/NominalTimeRunFacet", "nominalStartTime": "2022-11-10T06:13:19.477101Z"}, "parent": {"_producer": "https://github.com/OpenLineage/OpenLineage/tree/0.15.1/integration/airflow", "_schemaURL": "https://raw.githubusercontent.com/OpenLineage/OpenLineage/main/spec/OpenLineage.json#/definitions/ParentRunFacet", "job": {"name": "GBUNSalvador_dag_elt", "namespace": "default"}, "run": {"runId": "79a584f5-3d52-3549-9ce2-e0b739f053c6"}}, "parentRun": {"_producer": "https://github.com/OpenLineage/OpenLineage/tree/0.15.1/integration/airflow", "_schemaURL": "https://raw.githubusercontent.com/OpenLineage/OpenLineage/main/spec/OpenLineage.json#/definitions/ParentRunFacet", "job": {"name": "GBUNSalvador_dag_elt", "namespace": "default"}, "run": {"runId": "79a584f5-3d52-3549-9ce2-e0b739f053c6"}}, "unknownSourceAttribute": {"_producer": "https://github.com/OpenLineage/OpenLineage/tree/0.15.1/integration/airflow", "_schemaURL": "https://raw.githubusercontent.com/OpenLineage/OpenLineage/main/spec/OpenLineage.json#/definitions/BaseFacet", "unknownItems": [{"name": "PythonOperator", "properties": {"_BaseOperator__from_mapped": false, "_BaseOperator__init_kwargs": {"owner": "Breyner", "python_callable": "<<non-serializable: function>>", "retries": 5, "retry_delay": "<<non-serializable: timedelta>>", "task_id": "TaskExtract"}, "_BaseOperator__instantiated": true, "_dag": "<<non-serializable: DAG>>", "_log": "<<non-serializable: Logger>>", "depends_on_past": false, "do_xcom_push": true, "downstream_task_ids": [], "email_on_failure": true, "email_on_retry": true, "executor_config": {}, "ignore_first_depends_on_past": true, "inlets": [], "op_args": [], "op_kwargs": {}, "outlets": [], "owner": "Breyner", "params": "<<non-serializable: ParamsDict>>", "pool": "default_pool", "pool_slots": 1, "priority_weight": 1, "python_callable": "<<non-serializable: function>>", "queue": "default", "retries": 5, "retry_delay": "<<non-serializable: timedelta>>", "retry_exponential_backoff": false, "show_return_value_in_logs": true, "start_date": "<<non-serializable: DateTime>>", "task_group": "<<non-serializable: TaskGroup>>", "task_id": "TaskExtract", "trigger_rule": "all_success", "upstream_task_ids": [], "wait_for_downstream": false, "weight_rule": "downstream"}, "type": "operator"}]}}, "runId": "2556c8ce-f423-4c0b-a502-9eb8d70b6596"}}
INFO - TaskInstance Details: dag_id=GBUNSalvador_dag_elt, task_id=TaskExtract, dagrun_id=manual__2022-11-10T06:13:19.477101+00:00, map_index=-1, run_start_date=2022-11-10 06:23:23.234398+00:00, try_number=2, job_id=599, op_classpath=airflow.operators.python.PythonOperator
INFO - Executing <Task(PythonOperator): TaskExtract> on 2022-11-10 06:13:19.477101+00:00
INFO - Started process 2654 to run task
INFO - Running: ['airflow', 'tasks', 'run', 'GBUNSalvador_dag_elt', 'TaskExtract', 'manual__2022-11-10T06:13:19.477101+00:00', '--job-id', '599', '--raw', '--subdir', 'DAGS_FOLDER/GBUNSalvador_dag_elt.py', '--cfg-path', '/tmp/tmprorqna7h']
INFO - Job 599: Subtask TaskExtract
WARNING - /usr/local/lib/python3.9/site-packages/airflow/configuration.py:545 DeprecationWarning: The sql_alchemy_conn option in [core] has been moved to the sql_alchemy_conn option in [database] - the old setting has been used, but please update your config.
INFO - Running <TaskInstance: GBUNSalvador_dag_elt.TaskExtract manual__2022-11-10T06:13:19.477101+00:00 [running]> on host 1fc2f66b12c6
INFO - Exporting the following env vars:
AIRFLOW_CTX_DAG_OWNER=Breyner
AIRFLOW_CTX_DAG_ID=GBUNSalvador_dag_elt
AIRFLOW_CTX_TASK_ID=TaskExtract
AIRFLOW_CTX_EXECUTION_DATE=2022-11-10T06:13:19.477101+00:00
AIRFLOW_CTX_TRY_NUMBER=2
AIRFLOW_CTX_DAG_RUN_ID=manual__2022-11-10T06:13:19.477101+00:00
INFO - '2022-11-10' - GBUNSalvador_dag_elt - GBUNSalvador_dag_elt
INFO - '2022-11-10' - GBUNSalvador_dag_elt - Extract
INFO - '2022-11-10' - GBUNSalvador_dag_elt - Connect: alkemy_db
INFO - '2022-11-10' - airflow.hooks.base - Using connection ID 'alkemy_db' for task execution.
INFO - '2022-11-10' - airflow.hooks.base - Using connection ID 'alkemy_db' for task execution.
WARNING - /usr/local/lib/python3.9/site-packages/airflow/providers/common/sql/hooks/sql.py:176 UserWarning: pandas only supports SQLAlchemy connectable (engine/connection) or database string URI or sqlite3 DBAPI2 connection. Other DBAPI2 objects are not tested. Please consider using SQLAlchemy.
INFO - '2022-11-10' - GBUNSalvador_dag_elt -                 universidad  ...                email
0  UNIVERSIDAD_DEL_SALVADOR  ...  ANTHONY88@GMAIL.COM
1  UNIVERSIDAD_DEL_SALVADOR  ...   TODD44@HOTMAIL.COM
2  UNIVERSIDAD_DEL_SALVADOR  ...  ZCANTRELL@YAHOO.COM
3  UNIVERSIDAD_DEL_SALVADOR  ...  HEATHER60@GMAIL.COM
4  UNIVERSIDAD_DEL_SALVADOR  ...    BWARNER@GMAIL.COM

[5 rows x 8 columns]
INFO - Done. Returned value was: None
INFO - Marking task as SUCCESS. dag_id=GBUNSalvador_dag_elt, task_id=TaskExtract, execution_date=20221110T061319, start_date=20221110T062323, end_date=20221110T062326
INFO - '2022-11-10' - airflow.listeners.events - session flush listener: added [<TaskInstanceState.SUCCESS: 'success'>] unchanged () deleted ['running'] - <TaskInstance: GBUNSalvador_dag_elt.TaskExtract manual__2022-11-10T06:13:19.477101+00:00 [success]>
INFO - '2022-11-10' - airflow - OpenLineage listener got notification about task instance success
INFO - '2022-11-10' - root - Using extractor PythonExtractor task_type=PythonOperator airflow_dag_id=GBUNSalvador_dag_elt task_id=TaskExtract airflow_run_id=manual__2022-11-10T06:13:19.477101+00:00
INFO - '2022-11-10' - root - Found task metadata for operation TaskExtract: TaskMetadata(name='GBUNSalvador_dag_elt.TaskExtract', inputs=[], outputs=[], run_facets={'unknownSourceAttribute': UnknownOperatorAttributeRunFacet(_producer='https://github.com/OpenLineage/OpenLineage/tree/0.15.1/integration/airflow', _schemaURL='https://raw.githubusercontent.com/OpenLineage/OpenLineage/main/spec/OpenLineage.json#/definitions/BaseFacet', unknownItems=[UnknownOperatorInstance(name='PythonOperator', properties={'_BaseOperator__init_kwargs': {'task_id': 'TaskExtract', 'owner': 'Breyner', 'retries': 5, 'retry_delay': datetime.timedelta(seconds=600), 'python_callable': <function extract at 0x7fcc544c65e0>}, '_BaseOperator__from_mapped': False, 'task_id': 'TaskExtract', 'task_group': <airflow.utils.task_group.TaskGroup object at 0x7fcc5430a3a0>, 'owner': 'Breyner', 'email': None, 'email_on_retry': True, 'email_on_failure': True, 'execution_timeout': None, 'on_execute_callback': None, 'on_failure_callback': None, 'on_success_callback': None, 'on_retry_callback': None, '_pre_execute_hook': None, '_post_execute_hook': None, 'executor_config': {}, 'run_as_user': None, 'retries': 5, 'queue': 'default', 'pool': 'default_pool', 'pool_slots': 1, 'sla': None, 'trigger_rule': <TriggerRule.ALL_SUCCESS: 'all_success'>, 'depends_on_past': False, 'ignore_first_depends_on_past': True, 'wait_for_downstream': False, 'retry_delay': datetime.timedelta(seconds=600), 'retry_exponential_backoff': False, 'max_retry_delay': None, 'params': {}, 'priority_weight': 1, 'weight_rule': <WeightRule.DOWNSTREAM: 'downstream'>, 'resources': None, 'max_active_tis_per_dag': None, 'do_xcom_push': True, 'doc_md': None, 'doc_json': None, 'doc_yaml': None, 'doc_rst': None, 'doc': None, 'upstream_task_ids': set(), 'downstream_task_ids': {'TaskTransform'}, 'start_date': DateTime(2022, 11, 4, 0, 0, 0, tzinfo=Timezone('UTC')), 'end_date': None, '_dag': <DAG: GBUNSalvador_dag_elt>, '_log': <Logger airflow.task.operators (INFO)>, 'inlets': [], 'outlets': [], 'python_callable': <function extract at 0x7fcc544c65e0>, 'op_args': (), 'op_kwargs': {}, 'templates_dict': None, 'show_return_value_in_logs': True, '_BaseOperator__instantiated': True}, type='operator')])}, job_facets={})
INFO - '2022-11-10' - root - Manually extracting lineage metadata from inlets and outlets
INFO - '2022-11-10' - openlineage.client.transport.console - {"eventTime": "2022-11-10T06:23:26.511809Z", "eventType": "COMPLETE", "inputs": [], "job": {"facets": {}, "name": "GBUNSalvador_dag_elt.TaskExtract", "namespace": "default"}, "outputs": [], "producer": "https://github.com/OpenLineage/OpenLineage/tree/0.15.1/integration/airflow", "run": {"facets": {"unknownSourceAttribute": {"_producer": "https://github.com/OpenLineage/OpenLineage/tree/0.15.1/integration/airflow", "_schemaURL": "https://raw.githubusercontent.com/OpenLineage/OpenLineage/main/spec/OpenLineage.json#/definitions/BaseFacet", "unknownItems": [{"name": "PythonOperator", "properties": {"_BaseOperator__from_mapped": false, "_BaseOperator__init_kwargs": {"owner": "Breyner", "python_callable": "<<non-serializable: function>>", "retries": 5, "retry_delay": "<<non-serializable: timedelta>>", "task_id": "TaskExtract"}, "_BaseOperator__instantiated": true, "_dag": "<<non-serializable: DAG>>", "_log": "<<non-serializable: Logger>>", "depends_on_past": false, "do_xcom_push": true, "downstream_task_ids": [], "email_on_failure": true, "email_on_retry": true, "executor_config": {}, "ignore_first_depends_on_past": true, "inlets": [], "op_args": [], "op_kwargs": {}, "outlets": [], "owner": "Breyner", "params": "<<non-serializable: ParamsDict>>", "pool": "default_pool", "pool_slots": 1, "priority_weight": 1, "python_callable": "<<non-serializable: function>>", "queue": "default", "retries": 5, "retry_delay": "<<non-serializable: timedelta>>", "retry_exponential_backoff": false, "show_return_value_in_logs": true, "start_date": "<<non-serializable: DateTime>>", "task_group": "<<non-serializable: TaskGroup>>", "task_id": "TaskExtract", "trigger_rule": "all_success", "upstream_task_ids": [], "wait_for_downstream": false, "weight_rule": "downstream"}, "type": "operator"}]}}, "runId": "2556c8ce-f423-4c0b-a502-9eb8d70b6596"}}
INFO - Task exited with return code 0
INFO - 1 downstream tasks scheduled from follow-on schedule check
